{"/Users/winlaeyee/budgeking-2/budgeking/pages/Budget/BudgetPage.js": {"path":"/Users/winlaeyee/budgeking-2/budgeking/pages/Budget/BudgetPage.js","statementMap":{"0":{"start":{"line":30,"column":4},"end":{"line":30,"column":12}},"1":{"start":{"line":31,"column":4},"end":{"line":31,"column":30}},"2":{"start":{"line":32,"column":4},"end":{"line":46,"column":6}},"3":{"start":{"line":50,"column":4},"end":{"line":207,"column":6}},"4":{"start":{"line":59,"column":16},"end":{"line":59,"column":53}},"5":{"start":{"line":66,"column":29},"end":{"line":66,"column":64}},"6":{"start":{"line":93,"column":18},"end":{"line":93,"column":52}},"7":{"start":{"line":108,"column":31},"end":{"line":108,"column":52}},"8":{"start":{"line":125,"column":31},"end":{"line":125,"column":52}},"9":{"start":{"line":156,"column":35},"end":{"line":156,"column":68}},"10":{"start":{"line":167,"column":45},"end":{"line":167,"column":61}},"11":{"start":{"line":183,"column":45},"end":{"line":183,"column":70}},"12":{"start":{"line":197,"column":29},"end":{"line":197,"column":47}},"13":{"start":{"line":202,"column":29},"end":{"line":202,"column":41}},"14":{"start":{"line":211,"column":18},"end":{"line":211,"column":28}},"15":{"start":{"line":212,"column":4},"end":{"line":212,"column":22}},"16":{"start":{"line":213,"column":4},"end":{"line":213,"column":25}},"17":{"start":{"line":219,"column":19},"end":{"line":221,"column":3}},"18":{"start":{"line":220,"column":4},"end":{"line":220,"column":40}},"19":{"start":{"line":223,"column":19},"end":{"line":225,"column":3}},"20":{"start":{"line":224,"column":4},"end":{"line":224,"column":40}},"21":{"start":{"line":227,"column":19},"end":{"line":232,"column":3}},"22":{"start":{"line":228,"column":4},"end":{"line":231,"column":7}},"23":{"start":{"line":234,"column":19},"end":{"line":239,"column":3}},"24":{"start":{"line":235,"column":4},"end":{"line":238,"column":7}},"25":{"start":{"line":244,"column":14},"end":{"line":253,"column":3}},"26":{"start":{"line":245,"column":23},"end":{"line":248,"column":41}},"27":{"start":{"line":248,"column":22},"end":{"line":248,"column":40}},"28":{"start":{"line":250,"column":4},"end":{"line":252,"column":5}},"29":{"start":{"line":251,"column":6},"end":{"line":251,"column":41}},"30":{"start":{"line":255,"column":16},"end":{"line":277,"column":3}},"31":{"start":{"line":256,"column":17},"end":{"line":268,"column":6}},"32":{"start":{"line":257,"column":18},"end":{"line":257,"column":38}},"33":{"start":{"line":258,"column":6},"end":{"line":260,"column":8}},"34":{"start":{"line":259,"column":8},"end":{"line":259,"column":30}},"35":{"start":{"line":261,"column":6},"end":{"line":264,"column":8}},"36":{"start":{"line":262,"column":8},"end":{"line":262,"column":23}},"37":{"start":{"line":263,"column":8},"end":{"line":263,"column":56}},"38":{"start":{"line":265,"column":6},"end":{"line":265,"column":32}},"39":{"start":{"line":266,"column":6},"end":{"line":266,"column":33}},"40":{"start":{"line":267,"column":6},"end":{"line":267,"column":21}},"41":{"start":{"line":270,"column":16},"end":{"line":270,"column":46}},"42":{"start":{"line":271,"column":21},"end":{"line":271,"column":40}},"43":{"start":{"line":272,"column":4},"end":{"line":272,"column":17}},"44":{"start":{"line":273,"column":4},"end":{"line":275,"column":7}},"45":{"start":{"line":274,"column":6},"end":{"line":274,"column":39}},"46":{"start":{"line":276,"column":4},"end":{"line":276,"column":47}},"47":{"start":{"line":282,"column":23},"end":{"line":285,"column":3}},"48":{"start":{"line":283,"column":4},"end":{"line":283,"column":44}},"49":{"start":{"line":284,"column":4},"end":{"line":284,"column":54}},"50":{"start":{"line":291,"column":18},"end":{"line":297,"column":3}},"51":{"start":{"line":292,"column":20},"end":{"line":292,"column":52}},"52":{"start":{"line":293,"column":21},"end":{"line":293,"column":54}},"53":{"start":{"line":294,"column":4},"end":{"line":296,"column":5}},"54":{"start":{"line":295,"column":6},"end":{"line":295,"column":62}},"55":{"start":{"line":303,"column":20},"end":{"line":343,"column":3}},"56":{"start":{"line":304,"column":4},"end":{"line":342,"column":5}},"57":{"start":{"line":305,"column":6},"end":{"line":322,"column":8}},"58":{"start":{"line":309,"column":12},"end":{"line":309,"column":55}},"59":{"start":{"line":324,"column":6},"end":{"line":341,"column":8}},"60":{"start":{"line":328,"column":12},"end":{"line":330,"column":13}},"61":{"start":{"line":329,"column":14},"end":{"line":329,"column":56}},"62":{"start":{"line":331,"column":12},"end":{"line":331,"column":55}},"63":{"start":{"line":348,"column":16},"end":{"line":392,"column":3}},"64":{"start":{"line":350,"column":4},"end":{"line":353,"column":5}},"65":{"start":{"line":351,"column":6},"end":{"line":351,"column":52}},"66":{"start":{"line":352,"column":6},"end":{"line":352,"column":13}},"67":{"start":{"line":355,"column":17},"end":{"line":355,"column":19}},"68":{"start":{"line":358,"column":4},"end":{"line":370,"column":5}},"69":{"start":{"line":359,"column":6},"end":{"line":363,"column":15}},"70":{"start":{"line":365,"column":6},"end":{"line":369,"column":15}},"71":{"start":{"line":372,"column":4},"end":{"line":375,"column":5}},"72":{"start":{"line":373,"column":6},"end":{"line":373,"column":44}},"73":{"start":{"line":374,"column":6},"end":{"line":374,"column":41}},"74":{"start":{"line":378,"column":4},"end":{"line":387,"column":7}},"75":{"start":{"line":389,"column":4},"end":{"line":389,"column":28}},"76":{"start":{"line":391,"column":4},"end":{"line":391,"column":17}},"77":{"start":{"line":397,"column":10},"end":{"line":414,"column":3}},"78":{"start":{"line":398,"column":17},"end":{"line":398,"column":34}},"79":{"start":{"line":399,"column":4},"end":{"line":399,"column":38}},"80":{"start":{"line":400,"column":4},"end":{"line":412,"column":7}},"81":{"start":{"line":413,"column":4},"end":{"line":413,"column":69}},"82":{"start":{"line":421,"column":26},"end":{"line":444,"column":1}},"83":{"start":{"line":422,"column":29},"end":{"line":426,"column":3}},"84":{"start":{"line":428,"column":17},"end":{"line":441,"column":3}},"85":{"start":{"line":443,"column":2},"end":{"line":443,"column":70}},"86":{"start":{"line":446,"column":26},"end":{"line":453,"column":1}},"87":{"start":{"line":447,"column":25},"end":{"line":450,"column":3}},"88":{"start":{"line":452,"column":2},"end":{"line":452,"column":51}},"89":{"start":{"line":455,"column":15},"end":{"line":500,"column":2}}},"fnMap":{"0":{"name":"(anonymous_0)","decl":{"start":{"line":29,"column":2},"end":{"line":29,"column":3}},"loc":{"start":{"line":29,"column":16},"end":{"line":47,"column":3}},"line":29},"1":{"name":"(anonymous_1)","decl":{"start":{"line":49,"column":2},"end":{"line":49,"column":3}},"loc":{"start":{"line":49,"column":11},"end":{"line":208,"column":3}},"line":49},"2":{"name":"(anonymous_2)","decl":{"start":{"line":58,"column":23},"end":{"line":58,"column":24}},"loc":{"start":{"line":58,"column":29},"end":{"line":60,"column":15}},"line":58},"3":{"name":"(anonymous_3)","decl":{"start":{"line":66,"column":23},"end":{"line":66,"column":24}},"loc":{"start":{"line":66,"column":29},"end":{"line":66,"column":64}},"line":66},"4":{"name":"(anonymous_4)","decl":{"start":{"line":92,"column":31},"end":{"line":92,"column":32}},"loc":{"start":{"line":92,"column":40},"end":{"line":94,"column":17}},"line":92},"5":{"name":"(anonymous_5)","decl":{"start":{"line":108,"column":25},"end":{"line":108,"column":26}},"loc":{"start":{"line":108,"column":31},"end":{"line":108,"column":52}},"line":108},"6":{"name":"(anonymous_6)","decl":{"start":{"line":125,"column":25},"end":{"line":125,"column":26}},"loc":{"start":{"line":125,"column":31},"end":{"line":125,"column":52}},"line":125},"7":{"name":"(anonymous_7)","decl":{"start":{"line":156,"column":26},"end":{"line":156,"column":27}},"loc":{"start":{"line":156,"column":35},"end":{"line":156,"column":68}},"line":156},"8":{"name":"(anonymous_8)","decl":{"start":{"line":167,"column":39},"end":{"line":167,"column":40}},"loc":{"start":{"line":167,"column":45},"end":{"line":167,"column":61}},"line":167},"9":{"name":"(anonymous_9)","decl":{"start":{"line":183,"column":39},"end":{"line":183,"column":40}},"loc":{"start":{"line":183,"column":45},"end":{"line":183,"column":70}},"line":183},"10":{"name":"(anonymous_10)","decl":{"start":{"line":197,"column":23},"end":{"line":197,"column":24}},"loc":{"start":{"line":197,"column":29},"end":{"line":197,"column":47}},"line":197},"11":{"name":"(anonymous_11)","decl":{"start":{"line":202,"column":23},"end":{"line":202,"column":24}},"loc":{"start":{"line":202,"column":29},"end":{"line":202,"column":41}},"line":202},"12":{"name":"(anonymous_12)","decl":{"start":{"line":210,"column":2},"end":{"line":210,"column":3}},"loc":{"start":{"line":210,"column":28},"end":{"line":214,"column":3}},"line":210},"13":{"name":"(anonymous_13)","decl":{"start":{"line":219,"column":19},"end":{"line":219,"column":20}},"loc":{"start":{"line":219,"column":25},"end":{"line":221,"column":3}},"line":219},"14":{"name":"(anonymous_14)","decl":{"start":{"line":223,"column":19},"end":{"line":223,"column":20}},"loc":{"start":{"line":223,"column":25},"end":{"line":225,"column":3}},"line":223},"15":{"name":"(anonymous_15)","decl":{"start":{"line":227,"column":19},"end":{"line":227,"column":20}},"loc":{"start":{"line":227,"column":37},"end":{"line":232,"column":3}},"line":227},"16":{"name":"(anonymous_16)","decl":{"start":{"line":234,"column":19},"end":{"line":234,"column":20}},"loc":{"start":{"line":234,"column":37},"end":{"line":239,"column":3}},"line":234},"17":{"name":"(anonymous_17)","decl":{"start":{"line":244,"column":14},"end":{"line":244,"column":15}},"loc":{"start":{"line":244,"column":26},"end":{"line":253,"column":3}},"line":244},"18":{"name":"(anonymous_18)","decl":{"start":{"line":248,"column":13},"end":{"line":248,"column":14}},"loc":{"start":{"line":248,"column":22},"end":{"line":248,"column":40}},"line":248},"19":{"name":"(anonymous_19)","decl":{"start":{"line":255,"column":16},"end":{"line":255,"column":17}},"loc":{"start":{"line":255,"column":31},"end":{"line":277,"column":3}},"line":255},"20":{"name":"(anonymous_20)","decl":{"start":{"line":256,"column":35},"end":{"line":256,"column":36}},"loc":{"start":{"line":256,"column":56},"end":{"line":268,"column":5}},"line":256},"21":{"name":"(anonymous_21)","decl":{"start":{"line":258,"column":19},"end":{"line":258,"column":20}},"loc":{"start":{"line":258,"column":31},"end":{"line":260,"column":7}},"line":258},"22":{"name":"(anonymous_22)","decl":{"start":{"line":261,"column":20},"end":{"line":261,"column":21}},"loc":{"start":{"line":261,"column":33},"end":{"line":264,"column":7}},"line":261},"23":{"name":"(anonymous_23)","decl":{"start":{"line":273,"column":39},"end":{"line":273,"column":40}},"loc":{"start":{"line":273,"column":48},"end":{"line":275,"column":5}},"line":273},"24":{"name":"(anonymous_24)","decl":{"start":{"line":282,"column":23},"end":{"line":282,"column":24}},"loc":{"start":{"line":282,"column":29},"end":{"line":285,"column":3}},"line":282},"25":{"name":"(anonymous_25)","decl":{"start":{"line":291,"column":18},"end":{"line":291,"column":19}},"loc":{"start":{"line":291,"column":24},"end":{"line":297,"column":3}},"line":291},"26":{"name":"(anonymous_26)","decl":{"start":{"line":303,"column":20},"end":{"line":303,"column":21}},"loc":{"start":{"line":303,"column":26},"end":{"line":343,"column":3}},"line":303},"27":{"name":"(anonymous_27)","decl":{"start":{"line":308,"column":25},"end":{"line":308,"column":26}},"loc":{"start":{"line":308,"column":51},"end":{"line":310,"column":11}},"line":308},"28":{"name":"(anonymous_28)","decl":{"start":{"line":327,"column":25},"end":{"line":327,"column":26}},"loc":{"start":{"line":327,"column":51},"end":{"line":332,"column":11}},"line":327},"29":{"name":"(anonymous_29)","decl":{"start":{"line":348,"column":16},"end":{"line":348,"column":17}},"loc":{"start":{"line":348,"column":22},"end":{"line":392,"column":3}},"line":348},"30":{"name":"(anonymous_30)","decl":{"start":{"line":397,"column":10},"end":{"line":397,"column":11}},"loc":{"start":{"line":397,"column":16},"end":{"line":414,"column":3}},"line":397},"31":{"name":"(anonymous_31)","decl":{"start":{"line":421,"column":26},"end":{"line":421,"column":27}},"loc":{"start":{"line":421,"column":36},"end":{"line":444,"column":1}},"line":421},"32":{"name":"(anonymous_32)","decl":{"start":{"line":446,"column":26},"end":{"line":446,"column":27}},"loc":{"start":{"line":446,"column":36},"end":{"line":453,"column":1}},"line":446}},"branchMap":{"0":{"loc":{"start":{"line":132,"column":11},"end":{"line":140,"column":11}},"type":"binary-expr","locations":[{"start":{"line":132,"column":11},"end":{"line":132,"column":32}},{"start":{"line":133,"column":12},"end":{"line":139,"column":14}}],"line":132},"1":{"loc":{"start":{"line":136,"column":23},"end":{"line":136,"column":68}},"type":"cond-expr","locations":[{"start":{"line":136,"column":47},"end":{"line":136,"column":56}},{"start":{"line":136,"column":59},"end":{"line":136,"column":68}}],"line":136},"2":{"loc":{"start":{"line":142,"column":11},"end":{"line":150,"column":11}},"type":"binary-expr","locations":[{"start":{"line":142,"column":11},"end":{"line":142,"column":32}},{"start":{"line":143,"column":12},"end":{"line":149,"column":14}}],"line":142},"3":{"loc":{"start":{"line":146,"column":23},"end":{"line":146,"column":68}},"type":"cond-expr","locations":[{"start":{"line":146,"column":47},"end":{"line":146,"column":56}},{"start":{"line":146,"column":59},"end":{"line":146,"column":68}}],"line":146},"4":{"loc":{"start":{"line":163,"column":15},"end":{"line":165,"column":22}},"type":"cond-expr","locations":[{"start":{"line":164,"column":16},"end":{"line":164,"column":67}},{"start":{"line":165,"column":18},"end":{"line":165,"column":22}}],"line":163},"5":{"loc":{"start":{"line":250,"column":4},"end":{"line":252,"column":5}},"type":"if","locations":[{"start":{"line":250,"column":4},"end":{"line":252,"column":5}},{"start":{},"end":{}}],"line":250},"6":{"loc":{"start":{"line":294,"column":4},"end":{"line":296,"column":5}},"type":"if","locations":[{"start":{"line":294,"column":4},"end":{"line":296,"column":5}},{"start":{},"end":{}}],"line":294},"7":{"loc":{"start":{"line":304,"column":4},"end":{"line":342,"column":5}},"type":"if","locations":[{"start":{"line":304,"column":4},"end":{"line":342,"column":5}},{"start":{"line":323,"column":11},"end":{"line":342,"column":5}}],"line":304},"8":{"loc":{"start":{"line":328,"column":12},"end":{"line":330,"column":13}},"type":"if","locations":[{"start":{"line":328,"column":12},"end":{"line":330,"column":13}},{"start":{},"end":{}}],"line":328},"9":{"loc":{"start":{"line":350,"column":4},"end":{"line":353,"column":5}},"type":"if","locations":[{"start":{"line":350,"column":4},"end":{"line":353,"column":5}},{"start":{},"end":{}}],"line":350},"10":{"loc":{"start":{"line":350,"column":8},"end":{"line":350,"column":65}},"type":"binary-expr","locations":[{"start":{"line":350,"column":8},"end":{"line":350,"column":35}},{"start":{"line":350,"column":39},"end":{"line":350,"column":65}}],"line":350},"11":{"loc":{"start":{"line":358,"column":4},"end":{"line":370,"column":5}},"type":"if","locations":[{"start":{"line":358,"column":4},"end":{"line":370,"column":5}},{"start":{"line":364,"column":11},"end":{"line":370,"column":5}}],"line":358},"12":{"loc":{"start":{"line":372,"column":4},"end":{"line":375,"column":5}},"type":"if","locations":[{"start":{"line":372,"column":4},"end":{"line":375,"column":5}},{"start":{},"end":{}}],"line":372},"13":{"loc":{"start":{"line":372,"column":8},"end":{"line":372,"column":77}},"type":"binary-expr","locations":[{"start":{"line":372,"column":8},"end":{"line":372,"column":41}},{"start":{"line":372,"column":45},"end":{"line":372,"column":77}}],"line":372},"14":{"loc":{"start":{"line":449,"column":4},"end":{"line":449,"column":72}},"type":"cond-expr","locations":[{"start":{"line":449,"column":29},"end":{"line":449,"column":52}},{"start":{"line":449,"column":55},"end":{"line":449,"column":72}}],"line":449}},"s":{"0":0,"1":0,"2":0,"3":0,"4":0,"5":0,"6":0,"7":0,"8":0,"9":0,"10":0,"11":0,"12":0,"13":0,"14":0,"15":0,"16":0,"17":0,"18":0,"19":0,"20":0,"21":0,"22":0,"23":0,"24":0,"25":0,"26":0,"27":0,"28":0,"29":0,"30":0,"31":0,"32":0,"33":0,"34":0,"35":0,"36":0,"37":0,"38":0,"39":0,"40":0,"41":0,"42":0,"43":0,"44":0,"45":0,"46":0,"47":0,"48":0,"49":0,"50":0,"51":0,"52":0,"53":0,"54":0,"55":0,"56":0,"57":0,"58":0,"59":0,"60":0,"61":0,"62":0,"63":0,"64":0,"65":0,"66":0,"67":0,"68":0,"69":0,"70":0,"71":0,"72":0,"73":0,"74":0,"75":0,"76":0,"77":0,"78":0,"79":0,"80":0,"81":0,"82":2,"83":1,"84":1,"85":1,"86":2,"87":1,"88":1,"89":2},"f":{"0":0,"1":0,"2":0,"3":0,"4":0,"5":0,"6":0,"7":0,"8":0,"9":0,"10":0,"11":0,"12":0,"13":0,"14":0,"15":0,"16":0,"17":0,"18":0,"19":0,"20":0,"21":0,"22":0,"23":0,"24":0,"25":0,"26":0,"27":0,"28":0,"29":0,"30":0,"31":1,"32":1},"b":{"0":[0,0],"1":[0,0],"2":[0,0],"3":[0,0],"4":[0,0],"5":[0,0],"6":[0,0],"7":[0,0],"8":[0,0],"9":[0,0],"10":[0,0],"11":[0,0],"12":[0,0],"13":[0,0],"14":[1,0]},"_coverageSchema":"1a1c01bbd47fc00a2c39e90264f33305004495a9","hash":"83ee15e3513aae82042d3894d28a43d37ecef688"}
,"/Users/winlaeyee/budgeking-2/budgeking/pages/Budget/LocationSearch.js": {"path":"/Users/winlaeyee/budgeking-2/budgeking/pages/Budget/LocationSearch.js","statementMap":{"0":{"start":{"line":10,"column":22},"end":{"line":10,"column":26}},"1":{"start":{"line":11,"column":23},"end":{"line":11,"column":27}},"2":{"start":{"line":15,"column":4},"end":{"line":15,"column":12}},"3":{"start":{"line":16,"column":4},"end":{"line":27,"column":6}},"4":{"start":{"line":31,"column":21},"end":{"line":31,"column":71}},"5":{"start":{"line":32,"column":4},"end":{"line":35,"column":5}},"6":{"start":{"line":33,"column":6},"end":{"line":33,"column":56}},"7":{"start":{"line":34,"column":6},"end":{"line":34,"column":13}},"8":{"start":{"line":36,"column":4},"end":{"line":36,"column":45}},"9":{"start":{"line":37,"column":4},"end":{"line":49,"column":5}},"10":{"start":{"line":38,"column":21},"end":{"line":38,"column":63}},"11":{"start":{"line":39,"column":6},"end":{"line":46,"column":9}},"12":{"start":{"line":48,"column":6},"end":{"line":48,"column":25}},"13":{"start":{"line":53,"column":4},"end":{"line":119,"column":6}},"14":{"start":{"line":62,"column":12},"end":{"line":74,"column":15}},"15":{"start":{"line":122,"column":20},"end":{"line":135,"column":3}},"16":{"start":{"line":123,"column":4},"end":{"line":134,"column":5}},"17":{"start":{"line":124,"column":6},"end":{"line":124,"column":32}},"18":{"start":{"line":126,"column":6},"end":{"line":133,"column":9}},"19":{"start":{"line":140,"column":15},"end":{"line":159,"column":2}}},"fnMap":{"0":{"name":"(anonymous_0)","decl":{"start":{"line":14,"column":2},"end":{"line":14,"column":3}},"loc":{"start":{"line":14,"column":16},"end":{"line":28,"column":3}},"line":14},"1":{"name":"(anonymous_1)","decl":{"start":{"line":30,"column":2},"end":{"line":30,"column":3}},"loc":{"start":{"line":30,"column":28},"end":{"line":50,"column":3}},"line":30},"2":{"name":"(anonymous_2)","decl":{"start":{"line":52,"column":2},"end":{"line":52,"column":3}},"loc":{"start":{"line":52,"column":11},"end":{"line":120,"column":3}},"line":52},"3":{"name":"(anonymous_3)","decl":{"start":{"line":60,"column":19},"end":{"line":60,"column":20}},"loc":{"start":{"line":60,"column":45},"end":{"line":75,"column":11}},"line":60},"4":{"name":"(anonymous_4)","decl":{"start":{"line":122,"column":20},"end":{"line":122,"column":21}},"loc":{"start":{"line":122,"column":26},"end":{"line":135,"column":3}},"line":122}},"branchMap":{"0":{"loc":{"start":{"line":32,"column":4},"end":{"line":35,"column":5}},"type":"if","locations":[{"start":{"line":32,"column":4},"end":{"line":35,"column":5}},{"start":{},"end":{}}],"line":32},"1":{"loc":{"start":{"line":60,"column":26},"end":{"line":60,"column":40}},"type":"default-arg","locations":[{"start":{"line":60,"column":36},"end":{"line":60,"column":40}}],"line":60},"2":{"loc":{"start":{"line":123,"column":4},"end":{"line":134,"column":5}},"type":"if","locations":[{"start":{"line":123,"column":4},"end":{"line":134,"column":5}},{"start":{"line":125,"column":11},"end":{"line":134,"column":5}}],"line":123}},"s":{"0":1,"1":1,"2":0,"3":0,"4":0,"5":0,"6":0,"7":0,"8":0,"9":0,"10":0,"11":0,"12":0,"13":0,"14":0,"15":0,"16":0,"17":0,"18":0,"19":1},"f":{"0":0,"1":0,"2":0,"3":0,"4":0},"b":{"0":[0,0],"1":[0],"2":[0,0]},"_coverageSchema":"1a1c01bbd47fc00a2c39e90264f33305004495a9","hash":"2ed3fa053ec9b4287204fd68513130d9fc7ad468"}
,"/Users/winlaeyee/budgeking-2/budgeking/pages/Goal/EditGoal.js": {"path":"/Users/winlaeyee/budgeking-2/budgeking/pages/Goal/EditGoal.js","statementMap":{"0":{"start":{"line":26,"column":34},"end":{"line":26,"column":46}},"1":{"start":{"line":27,"column":26},"end":{"line":27,"column":39}},"2":{"start":{"line":28,"column":38},"end":{"line":28,"column":53}},"3":{"start":{"line":29,"column":28},"end":{"line":29,"column":40}},"4":{"start":{"line":30,"column":20},"end":{"line":30,"column":60}},"5":{"start":{"line":31,"column":44},"end":{"line":33,"column":3}},"6":{"start":{"line":32,"column":39},"end":{"line":32,"column":70}},"7":{"start":{"line":35,"column":2},"end":{"line":38,"column":4}},"8":{"start":{"line":36,"column":10},"end":{"line":36,"column":28}},"9":{"start":{"line":40,"column":25},"end":{"line":42,"column":3}},"10":{"start":{"line":41,"column":4},"end":{"line":41,"column":24}},"11":{"start":{"line":44,"column":25},"end":{"line":47,"column":3}},"12":{"start":{"line":45,"column":4},"end":{"line":45,"column":25}},"13":{"start":{"line":46,"column":4},"end":{"line":46,"column":42}},"14":{"start":{"line":49,"column":21},"end":{"line":72,"column":3}},"15":{"start":{"line":50,"column":31},"end":{"line":54,"column":5}},"16":{"start":{"line":56,"column":19},"end":{"line":69,"column":5}},"17":{"start":{"line":71,"column":4},"end":{"line":71,"column":72}},"18":{"start":{"line":78,"column":27},"end":{"line":114,"column":3}},"19":{"start":{"line":79,"column":4},"end":{"line":79,"column":35}},"20":{"start":{"line":79,"column":28},"end":{"line":79,"column":35}},"21":{"start":{"line":80,"column":18},"end":{"line":80,"column":28}},"22":{"start":{"line":82,"column":21},"end":{"line":82,"column":34}},"23":{"start":{"line":84,"column":19},"end":{"line":84,"column":52}},"24":{"start":{"line":86,"column":18},"end":{"line":86,"column":62}},"25":{"start":{"line":90,"column":4},"end":{"line":107,"column":5}},"26":{"start":{"line":91,"column":6},"end":{"line":91,"column":57}},"27":{"start":{"line":92,"column":11},"end":{"line":107,"column":5}},"28":{"start":{"line":94,"column":8},"end":{"line":96,"column":63}},"29":{"start":{"line":98,"column":6},"end":{"line":98,"column":59}},"30":{"start":{"line":99,"column":11},"end":{"line":107,"column":5}},"31":{"start":{"line":100,"column":23},"end":{"line":100,"column":46}},"32":{"start":{"line":101,"column":20},"end":{"line":101,"column":69}},"33":{"start":{"line":102,"column":6},"end":{"line":102,"column":57}},"34":{"start":{"line":104,"column":22},"end":{"line":104,"column":38}},"35":{"start":{"line":105,"column":19},"end":{"line":105,"column":67}},"36":{"start":{"line":106,"column":6},"end":{"line":106,"column":55}},"37":{"start":{"line":109,"column":19},"end":{"line":111,"column":5}},"38":{"start":{"line":110,"column":6},"end":{"line":110,"column":53}},"39":{"start":{"line":113,"column":4},"end":{"line":113,"column":57}},"40":{"start":{"line":116,"column":22},"end":{"line":124,"column":3}},"41":{"start":{"line":117,"column":26},"end":{"line":119,"column":5}},"42":{"start":{"line":118,"column":17},"end":{"line":118,"column":38}},"43":{"start":{"line":120,"column":4},"end":{"line":120,"column":36}},"44":{"start":{"line":121,"column":4},"end":{"line":123,"column":5}},"45":{"start":{"line":122,"column":6},"end":{"line":122,"column":45}},"46":{"start":{"line":126,"column":16},"end":{"line":136,"column":3}},"47":{"start":{"line":127,"column":4},"end":{"line":135,"column":5}},"48":{"start":{"line":128,"column":6},"end":{"line":128,"column":44}},"49":{"start":{"line":130,"column":6},"end":{"line":134,"column":9}},"50":{"start":{"line":138,"column":24},"end":{"line":140,"column":3}},"51":{"start":{"line":139,"column":4},"end":{"line":139,"column":22}},"52":{"start":{"line":142,"column":24},"end":{"line":148,"column":3}},"53":{"start":{"line":143,"column":14},"end":{"line":143,"column":31}},"54":{"start":{"line":144,"column":4},"end":{"line":147,"column":5}},"55":{"start":{"line":145,"column":24},"end":{"line":145,"column":36}},"56":{"start":{"line":146,"column":6},"end":{"line":146,"column":28}},"57":{"start":{"line":150,"column":21},"end":{"line":181,"column":3}},"58":{"start":{"line":151,"column":4},"end":{"line":156,"column":5}},"59":{"start":{"line":152,"column":6},"end":{"line":152,"column":39}},"60":{"start":{"line":153,"column":6},"end":{"line":153,"column":19}},"61":{"start":{"line":155,"column":6},"end":{"line":155,"column":13}},"62":{"start":{"line":158,"column":4},"end":{"line":162,"column":5}},"63":{"start":{"line":159,"column":6},"end":{"line":159,"column":49}},"64":{"start":{"line":160,"column":6},"end":{"line":160,"column":19}},"65":{"start":{"line":161,"column":6},"end":{"line":161,"column":13}},"66":{"start":{"line":164,"column":23},"end":{"line":180,"column":39}},"67":{"start":{"line":169,"column":8},"end":{"line":178,"column":9}},"68":{"start":{"line":170,"column":10},"end":{"line":170,"column":54}},"69":{"start":{"line":171,"column":10},"end":{"line":171,"column":23}},"70":{"start":{"line":172,"column":10},"end":{"line":172,"column":33}},"71":{"start":{"line":174,"column":10},"end":{"line":174,"column":39}},"72":{"start":{"line":175,"column":10},"end":{"line":175,"column":23}},"73":{"start":{"line":177,"column":10},"end":{"line":177,"column":22}},"74":{"start":{"line":180,"column":22},"end":{"line":180,"column":38}},"75":{"start":{"line":183,"column":19},"end":{"line":191,"column":3}},"76":{"start":{"line":184,"column":22},"end":{"line":184,"column":26}},"77":{"start":{"line":185,"column":4},"end":{"line":185,"column":44}},"78":{"start":{"line":186,"column":4},"end":{"line":186,"column":36}},"79":{"start":{"line":187,"column":4},"end":{"line":187,"column":38}},"80":{"start":{"line":188,"column":4},"end":{"line":188,"column":38}},"81":{"start":{"line":189,"column":4},"end":{"line":189,"column":38}},"82":{"start":{"line":190,"column":4},"end":{"line":190,"column":33}},"83":{"start":{"line":193,"column":2},"end":{"line":354,"column":4}},"84":{"start":{"line":199,"column":31},"end":{"line":199,"column":73}},"85":{"start":{"line":215,"column":34},"end":{"line":215,"column":67}},"86":{"start":{"line":233,"column":16},"end":{"line":233,"column":59}},"87":{"start":{"line":234,"column":16},"end":{"line":234,"column":35}},"88":{"start":{"line":238,"column":16},"end":{"line":238,"column":36}},"89":{"start":{"line":241,"column":16},"end":{"line":241,"column":28}},"90":{"start":{"line":244,"column":16},"end":{"line":250,"column":18}},"91":{"start":{"line":269,"column":25},"end":{"line":269,"column":41}},"92":{"start":{"line":289,"column":31},"end":{"line":289,"column":63}},"93":{"start":{"line":299,"column":37},"end":{"line":299,"column":50}},"94":{"start":{"line":309,"column":14},"end":{"line":323,"column":21}},"95":{"start":{"line":315,"column":33},"end":{"line":315,"column":51}},"96":{"start":{"line":331,"column":16},"end":{"line":331,"column":30}},"97":{"start":{"line":345,"column":25},"end":{"line":345,"column":35}},"98":{"start":{"line":350,"column":25},"end":{"line":350,"column":53}},"99":{"start":{"line":359,"column":15},"end":{"line":404,"column":2}}},"fnMap":{"0":{"name":"EditGoal","decl":{"start":{"line":25,"column":9},"end":{"line":25,"column":17}},"loc":{"start":{"line":25,"column":41},"end":{"line":355,"column":1}},"line":25},"1":{"name":"(anonymous_1)","decl":{"start":{"line":32,"column":29},"end":{"line":32,"column":30}},"loc":{"start":{"line":32,"column":39},"end":{"line":32,"column":70}},"line":32},"2":{"name":"(anonymous_2)","decl":{"start":{"line":36,"column":4},"end":{"line":36,"column":5}},"loc":{"start":{"line":36,"column":10},"end":{"line":36,"column":28}},"line":36},"3":{"name":"(anonymous_3)","decl":{"start":{"line":40,"column":25},"end":{"line":40,"column":26}},"loc":{"start":{"line":40,"column":31},"end":{"line":42,"column":3}},"line":40},"4":{"name":"(anonymous_4)","decl":{"start":{"line":44,"column":25},"end":{"line":44,"column":26}},"loc":{"start":{"line":44,"column":49},"end":{"line":47,"column":3}},"line":44},"5":{"name":"(anonymous_5)","decl":{"start":{"line":49,"column":21},"end":{"line":49,"column":22}},"loc":{"start":{"line":49,"column":31},"end":{"line":72,"column":3}},"line":49},"6":{"name":"(anonymous_6)","decl":{"start":{"line":78,"column":27},"end":{"line":78,"column":28}},"loc":{"start":{"line":78,"column":33},"end":{"line":114,"column":3}},"line":78},"7":{"name":"(anonymous_7)","decl":{"start":{"line":109,"column":19},"end":{"line":109,"column":20}},"loc":{"start":{"line":109,"column":28},"end":{"line":111,"column":5}},"line":109},"8":{"name":"(anonymous_8)","decl":{"start":{"line":116,"column":22},"end":{"line":116,"column":23}},"loc":{"start":{"line":116,"column":39},"end":{"line":124,"column":3}},"line":116},"9":{"name":"(anonymous_9)","decl":{"start":{"line":118,"column":6},"end":{"line":118,"column":7}},"loc":{"start":{"line":118,"column":17},"end":{"line":118,"column":38}},"line":118},"10":{"name":"(anonymous_10)","decl":{"start":{"line":126,"column":16},"end":{"line":126,"column":17}},"loc":{"start":{"line":126,"column":28},"end":{"line":136,"column":3}},"line":126},"11":{"name":"(anonymous_11)","decl":{"start":{"line":138,"column":24},"end":{"line":138,"column":25}},"loc":{"start":{"line":138,"column":30},"end":{"line":140,"column":3}},"line":138},"12":{"name":"(anonymous_12)","decl":{"start":{"line":142,"column":24},"end":{"line":142,"column":25}},"loc":{"start":{"line":142,"column":31},"end":{"line":148,"column":3}},"line":142},"13":{"name":"(anonymous_13)","decl":{"start":{"line":150,"column":21},"end":{"line":150,"column":22}},"loc":{"start":{"line":150,"column":38},"end":{"line":181,"column":3}},"line":150},"14":{"name":"(anonymous_14)","decl":{"start":{"line":168,"column":12},"end":{"line":168,"column":13}},"loc":{"start":{"line":168,"column":22},"end":{"line":179,"column":7}},"line":168},"15":{"name":"(anonymous_15)","decl":{"start":{"line":180,"column":13},"end":{"line":180,"column":14}},"loc":{"start":{"line":180,"column":22},"end":{"line":180,"column":38}},"line":180},"16":{"name":"(anonymous_16)","decl":{"start":{"line":183,"column":19},"end":{"line":183,"column":20}},"loc":{"start":{"line":183,"column":25},"end":{"line":191,"column":3}},"line":183},"17":{"name":"(anonymous_17)","decl":{"start":{"line":199,"column":22},"end":{"line":199,"column":23}},"loc":{"start":{"line":199,"column":31},"end":{"line":199,"column":73}},"line":199},"18":{"name":"(anonymous_18)","decl":{"start":{"line":215,"column":25},"end":{"line":215,"column":26}},"loc":{"start":{"line":215,"column":34},"end":{"line":215,"column":67}},"line":215},"19":{"name":"(anonymous_19)","decl":{"start":{"line":232,"column":24},"end":{"line":232,"column":25}},"loc":{"start":{"line":232,"column":50},"end":{"line":235,"column":15}},"line":232},"20":{"name":"(anonymous_20)","decl":{"start":{"line":237,"column":40},"end":{"line":237,"column":41}},"loc":{"start":{"line":237,"column":65},"end":{"line":239,"column":15}},"line":237},"21":{"name":"(anonymous_21)","decl":{"start":{"line":240,"column":35},"end":{"line":240,"column":36}},"loc":{"start":{"line":240,"column":52},"end":{"line":242,"column":15}},"line":240},"22":{"name":"(anonymous_22)","decl":{"start":{"line":243,"column":34},"end":{"line":243,"column":35}},"loc":{"start":{"line":243,"column":48},"end":{"line":251,"column":15}},"line":243},"23":{"name":"(anonymous_23)","decl":{"start":{"line":269,"column":19},"end":{"line":269,"column":20}},"loc":{"start":{"line":269,"column":25},"end":{"line":269,"column":41}},"line":269},"24":{"name":"(anonymous_24)","decl":{"start":{"line":289,"column":22},"end":{"line":289,"column":23}},"loc":{"start":{"line":289,"column":31},"end":{"line":289,"column":63}},"line":289},"25":{"name":"(anonymous_25)","decl":{"start":{"line":299,"column":25},"end":{"line":299,"column":26}},"loc":{"start":{"line":299,"column":37},"end":{"line":299,"column":50}},"line":299},"26":{"name":"(anonymous_26)","decl":{"start":{"line":308,"column":31},"end":{"line":308,"column":32}},"loc":{"start":{"line":309,"column":14},"end":{"line":323,"column":21}},"line":309},"27":{"name":"(anonymous_27)","decl":{"start":{"line":315,"column":27},"end":{"line":315,"column":28}},"loc":{"start":{"line":315,"column":33},"end":{"line":315,"column":51}},"line":315},"28":{"name":"(anonymous_28)","decl":{"start":{"line":330,"column":28},"end":{"line":330,"column":29}},"loc":{"start":{"line":330,"column":37},"end":{"line":332,"column":15}},"line":330},"29":{"name":"(anonymous_29)","decl":{"start":{"line":345,"column":19},"end":{"line":345,"column":20}},"loc":{"start":{"line":345,"column":25},"end":{"line":345,"column":35}},"line":345},"30":{"name":"(anonymous_30)","decl":{"start":{"line":350,"column":19},"end":{"line":350,"column":20}},"loc":{"start":{"line":350,"column":25},"end":{"line":350,"column":53}},"line":350}},"branchMap":{"0":{"loc":{"start":{"line":79,"column":4},"end":{"line":79,"column":35}},"type":"if","locations":[{"start":{"line":79,"column":4},"end":{"line":79,"column":35}},{"start":{},"end":{}}],"line":79},"1":{"loc":{"start":{"line":90,"column":4},"end":{"line":107,"column":5}},"type":"if","locations":[{"start":{"line":90,"column":4},"end":{"line":107,"column":5}},{"start":{"line":92,"column":11},"end":{"line":107,"column":5}}],"line":90},"2":{"loc":{"start":{"line":91,"column":19},"end":{"line":91,"column":56}},"type":"cond-expr","locations":[{"start":{"line":91,"column":33},"end":{"line":91,"column":39}},{"start":{"line":91,"column":42},"end":{"line":91,"column":56}}],"line":91},"3":{"loc":{"start":{"line":92,"column":11},"end":{"line":107,"column":5}},"type":"if","locations":[{"start":{"line":92,"column":11},"end":{"line":107,"column":5}},{"start":{"line":99,"column":11},"end":{"line":107,"column":5}}],"line":92},"4":{"loc":{"start":{"line":94,"column":8},"end":{"line":96,"column":63}},"type":"cond-expr","locations":[{"start":{"line":95,"column":12},"end":{"line":95,"column":13}},{"start":{"line":96,"column":12},"end":{"line":96,"column":63}}],"line":94},"5":{"loc":{"start":{"line":98,"column":19},"end":{"line":98,"column":58}},"type":"cond-expr","locations":[{"start":{"line":98,"column":34},"end":{"line":98,"column":40}},{"start":{"line":98,"column":43},"end":{"line":98,"column":58}}],"line":98},"6":{"loc":{"start":{"line":99,"column":11},"end":{"line":107,"column":5}},"type":"if","locations":[{"start":{"line":99,"column":11},"end":{"line":107,"column":5}},{"start":{"line":103,"column":11},"end":{"line":107,"column":5}}],"line":99},"7":{"loc":{"start":{"line":102,"column":19},"end":{"line":102,"column":56}},"type":"cond-expr","locations":[{"start":{"line":102,"column":33},"end":{"line":102,"column":39}},{"start":{"line":102,"column":42},"end":{"line":102,"column":56}}],"line":102},"8":{"loc":{"start":{"line":106,"column":19},"end":{"line":106,"column":54}},"type":"cond-expr","locations":[{"start":{"line":106,"column":32},"end":{"line":106,"column":38}},{"start":{"line":106,"column":41},"end":{"line":106,"column":54}}],"line":106},"9":{"loc":{"start":{"line":121,"column":4},"end":{"line":123,"column":5}},"type":"if","locations":[{"start":{"line":121,"column":4},"end":{"line":123,"column":5}},{"start":{},"end":{}}],"line":121},"10":{"loc":{"start":{"line":127,"column":4},"end":{"line":135,"column":5}},"type":"if","locations":[{"start":{"line":127,"column":4},"end":{"line":135,"column":5}},{"start":{"line":129,"column":11},"end":{"line":135,"column":5}}],"line":127},"11":{"loc":{"start":{"line":144,"column":4},"end":{"line":147,"column":5}},"type":"if","locations":[{"start":{"line":144,"column":4},"end":{"line":147,"column":5}},{"start":{},"end":{}}],"line":144},"12":{"loc":{"start":{"line":144,"column":8},"end":{"line":144,"column":53}},"type":"binary-expr","locations":[{"start":{"line":144,"column":8},"end":{"line":144,"column":23}},{"start":{"line":144,"column":27},"end":{"line":144,"column":38}},{"start":{"line":144,"column":42},"end":{"line":144,"column":53}}],"line":144},"13":{"loc":{"start":{"line":151,"column":4},"end":{"line":156,"column":5}},"type":"if","locations":[{"start":{"line":151,"column":4},"end":{"line":156,"column":5}},{"start":{},"end":{}}],"line":151},"14":{"loc":{"start":{"line":158,"column":4},"end":{"line":162,"column":5}},"type":"if","locations":[{"start":{"line":158,"column":4},"end":{"line":162,"column":5}},{"start":{},"end":{}}],"line":158},"15":{"loc":{"start":{"line":169,"column":8},"end":{"line":178,"column":9}},"type":"if","locations":[{"start":{"line":169,"column":8},"end":{"line":178,"column":9}},{"start":{"line":173,"column":15},"end":{"line":178,"column":9}}],"line":169},"16":{"loc":{"start":{"line":246,"column":26},"end":{"line":246,"column":66}},"type":"cond-expr","locations":[{"start":{"line":246,"column":37},"end":{"line":246,"column":49}},{"start":{"line":246,"column":52},"end":{"line":246,"column":66}}],"line":246},"17":{"loc":{"start":{"line":276,"column":7},"end":{"line":285,"column":7}},"type":"binary-expr","locations":[{"start":{"line":276,"column":7},"end":{"line":276,"column":17}},{"start":{"line":277,"column":8},"end":{"line":284,"column":10}}],"line":276},"18":{"loc":{"start":{"line":280,"column":19},"end":{"line":280,"column":64}},"type":"cond-expr","locations":[{"start":{"line":280,"column":43},"end":{"line":280,"column":52}},{"start":{"line":280,"column":55},"end":{"line":280,"column":64}}],"line":280},"19":{"loc":{"start":{"line":294,"column":7},"end":{"line":339,"column":7}},"type":"binary-expr","locations":[{"start":{"line":294,"column":7},"end":{"line":294,"column":46}},{"start":{"line":295,"column":8},"end":{"line":338,"column":15}}],"line":294},"20":{"loc":{"start":{"line":298,"column":21},"end":{"line":298,"column":43}},"type":"cond-expr","locations":[{"start":{"line":298,"column":38},"end":{"line":298,"column":39}},{"start":{"line":298,"column":42},"end":{"line":298,"column":43}}],"line":298},"21":{"loc":{"start":{"line":327,"column":11},"end":{"line":337,"column":11}},"type":"binary-expr","locations":[{"start":{"line":327,"column":11},"end":{"line":327,"column":25}},{"start":{"line":328,"column":12},"end":{"line":336,"column":14}}],"line":327}},"s":{"0":0,"1":0,"2":0,"3":0,"4":0,"5":0,"6":0,"7":0,"8":0,"9":0,"10":0,"11":0,"12":0,"13":0,"14":0,"15":0,"16":0,"17":0,"18":0,"19":0,"20":0,"21":0,"22":0,"23":0,"24":0,"25":0,"26":0,"27":0,"28":0,"29":0,"30":0,"31":0,"32":0,"33":0,"34":0,"35":0,"36":0,"37":0,"38":0,"39":0,"40":0,"41":0,"42":0,"43":0,"44":0,"45":0,"46":0,"47":0,"48":0,"49":0,"50":0,"51":0,"52":0,"53":0,"54":0,"55":0,"56":0,"57":0,"58":0,"59":0,"60":0,"61":0,"62":0,"63":0,"64":0,"65":0,"66":0,"67":0,"68":0,"69":0,"70":0,"71":0,"72":0,"73":0,"74":0,"75":0,"76":0,"77":0,"78":0,"79":0,"80":0,"81":0,"82":0,"83":0,"84":0,"85":0,"86":0,"87":0,"88":0,"89":0,"90":0,"91":0,"92":0,"93":0,"94":0,"95":0,"96":0,"97":0,"98":0,"99":1},"f":{"0":0,"1":0,"2":0,"3":0,"4":0,"5":0,"6":0,"7":0,"8":0,"9":0,"10":0,"11":0,"12":0,"13":0,"14":0,"15":0,"16":0,"17":0,"18":0,"19":0,"20":0,"21":0,"22":0,"23":0,"24":0,"25":0,"26":0,"27":0,"28":0,"29":0,"30":0},"b":{"0":[0,0],"1":[0,0],"2":[0,0],"3":[0,0],"4":[0,0],"5":[0,0],"6":[0,0],"7":[0,0],"8":[0,0],"9":[0,0],"10":[0,0],"11":[0,0],"12":[0,0,0],"13":[0,0],"14":[0,0],"15":[0,0],"16":[0,0],"17":[0,0],"18":[0,0],"19":[0,0],"20":[0,0],"21":[0,0]},"_coverageSchema":"1a1c01bbd47fc00a2c39e90264f33305004495a9","hash":"38a2375af8eb24e9a64376cd7197b38645ab041d"}
,"/Users/winlaeyee/budgeking-2/budgeking/pages/Goal/GenerateGoal.js": {"path":"/Users/winlaeyee/budgeking-2/budgeking/pages/Goal/GenerateGoal.js","statementMap":{"0":{"start":{"line":19,"column":21},"end":{"line":19,"column":36}},"1":{"start":{"line":20,"column":2},"end":{"line":22,"column":3}},"2":{"start":{"line":21,"column":4},"end":{"line":21,"column":57}},"3":{"start":{"line":23,"column":30},"end":{"line":23,"column":45}},"4":{"start":{"line":24,"column":34},"end":{"line":24,"column":49}},"5":{"start":{"line":25,"column":24},"end":{"line":27,"column":3}},"6":{"start":{"line":26,"column":14},"end":{"line":26,"column":41}},"7":{"start":{"line":29,"column":2},"end":{"line":29,"column":50}},"8":{"start":{"line":29,"column":18},"end":{"line":29,"column":30}},"9":{"start":{"line":31,"column":21},"end":{"line":55,"column":3}},"10":{"start":{"line":32,"column":17},"end":{"line":32,"column":29}},"11":{"start":{"line":33,"column":31},"end":{"line":37,"column":5}},"12":{"start":{"line":39,"column":19},"end":{"line":52,"column":5}},"13":{"start":{"line":54,"column":4},"end":{"line":54,"column":72}},"14":{"start":{"line":57,"column":19},"end":{"line":59,"column":3}},"15":{"start":{"line":58,"column":4},"end":{"line":58,"column":20}},"16":{"start":{"line":61,"column":19},"end":{"line":63,"column":3}},"17":{"start":{"line":62,"column":4},"end":{"line":62,"column":21}},"18":{"start":{"line":65,"column":21},"end":{"line":91,"column":3}},"19":{"start":{"line":67,"column":4},"end":{"line":75,"column":5}},"20":{"start":{"line":68,"column":6},"end":{"line":72,"column":7}},"21":{"start":{"line":69,"column":8},"end":{"line":69,"column":80}},"22":{"start":{"line":71,"column":8},"end":{"line":71,"column":52}},"23":{"start":{"line":74,"column":6},"end":{"line":74,"column":78}},"24":{"start":{"line":77,"column":4},"end":{"line":90,"column":7}},"25":{"start":{"line":82,"column":10},"end":{"line":82,"column":40}},"26":{"start":{"line":93,"column":21},"end":{"line":138,"column":3}},"27":{"start":{"line":94,"column":18},"end":{"line":94,"column":28}},"28":{"start":{"line":95,"column":21},"end":{"line":95,"column":33}},"29":{"start":{"line":96,"column":24},"end":{"line":96,"column":64}},"30":{"start":{"line":98,"column":4},"end":{"line":104,"column":5}},"31":{"start":{"line":99,"column":6},"end":{"line":102,"column":38}},"32":{"start":{"line":103,"column":6},"end":{"line":103,"column":13}},"33":{"start":{"line":106,"column":18},"end":{"line":106,"column":65}},"34":{"start":{"line":108,"column":4},"end":{"line":124,"column":5}},"35":{"start":{"line":109,"column":6},"end":{"line":109,"column":43}},"36":{"start":{"line":110,"column":11},"end":{"line":124,"column":5}},"37":{"start":{"line":112,"column":8},"end":{"line":114,"column":66}},"38":{"start":{"line":115,"column":6},"end":{"line":115,"column":44}},"39":{"start":{"line":116,"column":11},"end":{"line":124,"column":5}},"40":{"start":{"line":117,"column":23},"end":{"line":117,"column":46}},"41":{"start":{"line":118,"column":20},"end":{"line":118,"column":72}},"42":{"start":{"line":119,"column":6},"end":{"line":119,"column":43}},"43":{"start":{"line":121,"column":22},"end":{"line":121,"column":38}},"44":{"start":{"line":122,"column":19},"end":{"line":122,"column":70}},"45":{"start":{"line":123,"column":6},"end":{"line":123,"column":42}},"46":{"start":{"line":127,"column":4},"end":{"line":137,"column":5}},"47":{"start":{"line":128,"column":6},"end":{"line":131,"column":38}},"48":{"start":{"line":133,"column":6},"end":{"line":136,"column":39}},"49":{"start":{"line":140,"column":2},"end":{"line":328,"column":4}},"50":{"start":{"line":156,"column":45},"end":{"line":156,"column":61}},"51":{"start":{"line":164,"column":32},"end":{"line":164,"column":48}},"52":{"start":{"line":168,"column":14},"end":{"line":172,"column":17}},"53":{"start":{"line":173,"column":14},"end":{"line":173,"column":31}},"54":{"start":{"line":181,"column":14},"end":{"line":185,"column":17}},"55":{"start":{"line":186,"column":14},"end":{"line":186,"column":31}},"56":{"start":{"line":193,"column":14},"end":{"line":193,"column":33}},"57":{"start":{"line":194,"column":14},"end":{"line":194,"column":31}},"58":{"start":{"line":264,"column":43},"end":{"line":264,"column":61}},"59":{"start":{"line":272,"column":43},"end":{"line":272,"column":60}},"60":{"start":{"line":310,"column":38},"end":{"line":310,"column":72}},"61":{"start":{"line":331,"column":15},"end":{"line":366,"column":2}}},"fnMap":{"0":{"name":"GenerateGoal","decl":{"start":{"line":18,"column":9},"end":{"line":18,"column":21}},"loc":{"start":{"line":18,"column":69},"end":{"line":329,"column":1}},"line":18},"1":{"name":"(anonymous_1)","decl":{"start":{"line":26,"column":4},"end":{"line":26,"column":5}},"loc":{"start":{"line":26,"column":14},"end":{"line":26,"column":41}},"line":26},"2":{"name":"(anonymous_2)","decl":{"start":{"line":29,"column":12},"end":{"line":29,"column":13}},"loc":{"start":{"line":29,"column":18},"end":{"line":29,"column":30}},"line":29},"3":{"name":"(anonymous_3)","decl":{"start":{"line":31,"column":21},"end":{"line":31,"column":22}},"loc":{"start":{"line":31,"column":27},"end":{"line":55,"column":3}},"line":31},"4":{"name":"(anonymous_4)","decl":{"start":{"line":57,"column":19},"end":{"line":57,"column":20}},"loc":{"start":{"line":57,"column":25},"end":{"line":59,"column":3}},"line":57},"5":{"name":"(anonymous_5)","decl":{"start":{"line":61,"column":19},"end":{"line":61,"column":20}},"loc":{"start":{"line":61,"column":27},"end":{"line":63,"column":3}},"line":61},"6":{"name":"(anonymous_6)","decl":{"start":{"line":65,"column":21},"end":{"line":65,"column":22}},"loc":{"start":{"line":65,"column":27},"end":{"line":91,"column":3}},"line":65},"7":{"name":"(anonymous_7)","decl":{"start":{"line":81,"column":17},"end":{"line":81,"column":18}},"loc":{"start":{"line":81,"column":23},"end":{"line":83,"column":9}},"line":81},"8":{"name":"(anonymous_8)","decl":{"start":{"line":93,"column":21},"end":{"line":93,"column":22}},"loc":{"start":{"line":93,"column":33},"end":{"line":138,"column":3}},"line":93},"9":{"name":"(anonymous_9)","decl":{"start":{"line":156,"column":39},"end":{"line":156,"column":40}},"loc":{"start":{"line":156,"column":45},"end":{"line":156,"column":61}},"line":156},"10":{"name":"(anonymous_10)","decl":{"start":{"line":164,"column":26},"end":{"line":164,"column":27}},"loc":{"start":{"line":164,"column":32},"end":{"line":164,"column":48}},"line":164},"11":{"name":"(anonymous_11)","decl":{"start":{"line":167,"column":21},"end":{"line":167,"column":22}},"loc":{"start":{"line":167,"column":27},"end":{"line":174,"column":13}},"line":167},"12":{"name":"(anonymous_12)","decl":{"start":{"line":180,"column":21},"end":{"line":180,"column":22}},"loc":{"start":{"line":180,"column":27},"end":{"line":187,"column":13}},"line":180},"13":{"name":"(anonymous_13)","decl":{"start":{"line":192,"column":21},"end":{"line":192,"column":22}},"loc":{"start":{"line":192,"column":27},"end":{"line":195,"column":13}},"line":192},"14":{"name":"(anonymous_14)","decl":{"start":{"line":264,"column":37},"end":{"line":264,"column":38}},"loc":{"start":{"line":264,"column":43},"end":{"line":264,"column":61}},"line":264},"15":{"name":"(anonymous_15)","decl":{"start":{"line":272,"column":37},"end":{"line":272,"column":38}},"loc":{"start":{"line":272,"column":43},"end":{"line":272,"column":60}},"line":272},"16":{"name":"(anonymous_16)","decl":{"start":{"line":310,"column":27},"end":{"line":310,"column":28}},"loc":{"start":{"line":310,"column":38},"end":{"line":310,"column":72}},"line":310}},"branchMap":{"0":{"loc":{"start":{"line":20,"column":2},"end":{"line":22,"column":3}},"type":"if","locations":[{"start":{"line":20,"column":2},"end":{"line":22,"column":3}},{"start":{},"end":{}}],"line":20},"1":{"loc":{"start":{"line":67,"column":4},"end":{"line":75,"column":5}},"type":"if","locations":[{"start":{"line":67,"column":4},"end":{"line":75,"column":5}},{"start":{"line":73,"column":11},"end":{"line":75,"column":5}}],"line":67},"2":{"loc":{"start":{"line":68,"column":6},"end":{"line":72,"column":7}},"type":"if","locations":[{"start":{"line":68,"column":6},"end":{"line":72,"column":7}},{"start":{"line":70,"column":13},"end":{"line":72,"column":7}}],"line":68},"3":{"loc":{"start":{"line":98,"column":4},"end":{"line":104,"column":5}},"type":"if","locations":[{"start":{"line":98,"column":4},"end":{"line":104,"column":5}},{"start":{},"end":{}}],"line":98},"4":{"loc":{"start":{"line":108,"column":4},"end":{"line":124,"column":5}},"type":"if","locations":[{"start":{"line":108,"column":4},"end":{"line":124,"column":5}},{"start":{"line":110,"column":11},"end":{"line":124,"column":5}}],"line":108},"5":{"loc":{"start":{"line":110,"column":11},"end":{"line":124,"column":5}},"type":"if","locations":[{"start":{"line":110,"column":11},"end":{"line":124,"column":5}},{"start":{"line":116,"column":11},"end":{"line":124,"column":5}}],"line":110},"6":{"loc":{"start":{"line":112,"column":8},"end":{"line":114,"column":66}},"type":"cond-expr","locations":[{"start":{"line":113,"column":12},"end":{"line":113,"column":13}},{"start":{"line":114,"column":12},"end":{"line":114,"column":66}}],"line":112},"7":{"loc":{"start":{"line":116,"column":11},"end":{"line":124,"column":5}},"type":"if","locations":[{"start":{"line":116,"column":11},"end":{"line":124,"column":5}},{"start":{"line":120,"column":11},"end":{"line":124,"column":5}}],"line":116},"8":{"loc":{"start":{"line":127,"column":4},"end":{"line":137,"column":5}},"type":"if","locations":[{"start":{"line":127,"column":4},"end":{"line":137,"column":5}},{"start":{"line":132,"column":11},"end":{"line":137,"column":5}}],"line":127},"9":{"loc":{"start":{"line":141,"column":30},"end":{"line":141,"column":75}},"type":"cond-expr","locations":[{"start":{"line":141,"column":47},"end":{"line":141,"column":61}},{"start":{"line":141,"column":64},"end":{"line":141,"column":75}}],"line":141},"10":{"loc":{"start":{"line":202,"column":7},"end":{"line":212,"column":7}},"type":"cond-expr","locations":[{"start":{"line":203,"column":8},"end":{"line":206,"column":15}},{"start":{"line":208,"column":8},"end":{"line":211,"column":15}}],"line":202},"11":{"loc":{"start":{"line":229,"column":20},"end":{"line":231,"column":69}},"type":"cond-expr","locations":[{"start":{"line":230,"column":24},"end":{"line":230,"column":30}},{"start":{"line":231,"column":24},"end":{"line":231,"column":69}}],"line":229},"12":{"loc":{"start":{"line":263,"column":9},"end":{"line":279,"column":9}},"type":"cond-expr","locations":[{"start":{"line":264,"column":10},"end":{"line":270,"column":29}},{"start":{"line":272,"column":10},"end":{"line":278,"column":29}}],"line":263},"13":{"loc":{"start":{"line":282,"column":7},"end":{"line":326,"column":7}},"type":"binary-expr","locations":[{"start":{"line":282,"column":7},"end":{"line":282,"column":15}},{"start":{"line":283,"column":8},"end":{"line":325,"column":15}}],"line":282},"14":{"loc":{"start":{"line":284,"column":11},"end":{"line":316,"column":18}},"type":"cond-expr","locations":[{"start":{"line":285,"column":12},"end":{"line":315,"column":15}},{"start":{"line":316,"column":14},"end":{"line":316,"column":18}}],"line":284},"15":{"loc":{"start":{"line":322,"column":15},"end":{"line":322,"column":52}},"type":"cond-expr","locations":[{"start":{"line":322,"column":34},"end":{"line":322,"column":40}},{"start":{"line":322,"column":43},"end":{"line":322,"column":52}}],"line":322}},"s":{"0":1,"1":1,"2":0,"3":1,"4":1,"5":1,"6":1,"7":1,"8":0,"9":1,"10":1,"11":1,"12":1,"13":1,"14":1,"15":0,"16":1,"17":0,"18":1,"19":0,"20":0,"21":0,"22":0,"23":0,"24":0,"25":0,"26":1,"27":0,"28":0,"29":0,"30":0,"31":0,"32":0,"33":0,"34":0,"35":0,"36":0,"37":0,"38":0,"39":0,"40":0,"41":0,"42":0,"43":0,"44":0,"45":0,"46":0,"47":0,"48":0,"49":1,"50":0,"51":0,"52":0,"53":0,"54":0,"55":0,"56":0,"57":0,"58":0,"59":0,"60":0,"61":2},"f":{"0":1,"1":1,"2":0,"3":1,"4":0,"5":0,"6":0,"7":0,"8":0,"9":0,"10":0,"11":0,"12":0,"13":0,"14":0,"15":0,"16":0},"b":{"0":[0,1],"1":[0,0],"2":[0,0],"3":[0,0],"4":[0,0],"5":[0,0],"6":[0,0],"7":[0,0],"8":[0,0],"9":[0,1],"10":[0,1],"11":[0,1],"12":[0,1],"13":[1,0],"14":[0,0],"15":[0,0]},"_coverageSchema":"1a1c01bbd47fc00a2c39e90264f33305004495a9","hash":"b72715ec26b7de012503634584ed20b4dd0d1293"}
,"/Users/winlaeyee/budgeking-2/budgeking/pages/Goal/GenerateOldGoal.js": {"path":"/Users/winlaeyee/budgeking-2/budgeking/pages/Goal/GenerateOldGoal.js","statementMap":{"0":{"start":{"line":18,"column":34},"end":{"line":18,"column":49}},"1":{"start":{"line":19,"column":34},"end":{"line":19,"column":49}},"2":{"start":{"line":21,"column":21},"end":{"line":45,"column":3}},"3":{"start":{"line":22,"column":17},"end":{"line":22,"column":41}},"4":{"start":{"line":23,"column":31},"end":{"line":27,"column":5}},"5":{"start":{"line":29,"column":19},"end":{"line":42,"column":5}},"6":{"start":{"line":44,"column":4},"end":{"line":44,"column":72}},"7":{"start":{"line":47,"column":21},"end":{"line":66,"column":3}},"8":{"start":{"line":48,"column":4},"end":{"line":65,"column":6}},"9":{"start":{"line":56,"column":12},"end":{"line":56,"column":27}},"10":{"start":{"line":68,"column":2},"end":{"line":216,"column":4}},"11":{"start":{"line":73,"column":29},"end":{"line":73,"column":46}},"12":{"start":{"line":88,"column":49},"end":{"line":88,"column":67}},"13":{"start":{"line":96,"column":49},"end":{"line":96,"column":66}},"14":{"start":{"line":186,"column":32},"end":{"line":186,"column":66}},"15":{"start":{"line":212,"column":28},"end":{"line":212,"column":46}},"16":{"start":{"line":214,"column":31},"end":{"line":214,"column":49}},"17":{"start":{"line":219,"column":15},"end":{"line":248,"column":2}}},"fnMap":{"0":{"name":"GenerateOldGoal","decl":{"start":{"line":17,"column":9},"end":{"line":17,"column":24}},"loc":{"start":{"line":17,"column":46},"end":{"line":217,"column":1}},"line":17},"1":{"name":"(anonymous_1)","decl":{"start":{"line":21,"column":21},"end":{"line":21,"column":22}},"loc":{"start":{"line":21,"column":34},"end":{"line":45,"column":3}},"line":21},"2":{"name":"(anonymous_2)","decl":{"start":{"line":47,"column":21},"end":{"line":47,"column":22}},"loc":{"start":{"line":47,"column":29},"end":{"line":66,"column":3}},"line":47},"3":{"name":"(anonymous_3)","decl":{"start":{"line":55,"column":19},"end":{"line":55,"column":20}},"loc":{"start":{"line":55,"column":25},"end":{"line":57,"column":11}},"line":55},"4":{"name":"(anonymous_4)","decl":{"start":{"line":73,"column":23},"end":{"line":73,"column":24}},"loc":{"start":{"line":73,"column":29},"end":{"line":73,"column":46}},"line":73},"5":{"name":"(anonymous_5)","decl":{"start":{"line":88,"column":43},"end":{"line":88,"column":44}},"loc":{"start":{"line":88,"column":49},"end":{"line":88,"column":67}},"line":88},"6":{"name":"(anonymous_6)","decl":{"start":{"line":96,"column":43},"end":{"line":96,"column":44}},"loc":{"start":{"line":96,"column":49},"end":{"line":96,"column":66}},"line":96},"7":{"name":"(anonymous_7)","decl":{"start":{"line":185,"column":35},"end":{"line":185,"column":36}},"loc":{"start":{"line":186,"column":32},"end":{"line":186,"column":66}},"line":186},"8":{"name":"(anonymous_8)","decl":{"start":{"line":212,"column":22},"end":{"line":212,"column":23}},"loc":{"start":{"line":212,"column":28},"end":{"line":212,"column":46}},"line":212},"9":{"name":"(anonymous_9)","decl":{"start":{"line":214,"column":25},"end":{"line":214,"column":26}},"loc":{"start":{"line":214,"column":31},"end":{"line":214,"column":49}},"line":214}},"branchMap":{"0":{"loc":{"start":{"line":87,"column":15},"end":{"line":103,"column":15}},"type":"cond-expr","locations":[{"start":{"line":88,"column":16},"end":{"line":94,"column":35}},{"start":{"line":96,"column":16},"end":{"line":102,"column":35}}],"line":87},"1":{"loc":{"start":{"line":106,"column":13},"end":{"line":208,"column":13}},"type":"cond-expr","locations":[{"start":{"line":107,"column":14},"end":{"line":205,"column":17}},{"start":{"line":207,"column":14},"end":{"line":207,"column":26}}],"line":106},"2":{"loc":{"start":{"line":159,"column":19},"end":{"line":193,"column":26}},"type":"cond-expr","locations":[{"start":{"line":160,"column":20},"end":{"line":192,"column":23}},{"start":{"line":193,"column":22},"end":{"line":193,"column":26}}],"line":159},"3":{"loc":{"start":{"line":201,"column":23},"end":{"line":201,"column":60}},"type":"cond-expr","locations":[{"start":{"line":201,"column":42},"end":{"line":201,"column":48}},{"start":{"line":201,"column":51},"end":{"line":201,"column":60}}],"line":201}},"s":{"0":0,"1":0,"2":0,"3":0,"4":0,"5":0,"6":0,"7":0,"8":0,"9":0,"10":0,"11":0,"12":0,"13":0,"14":0,"15":0,"16":0,"17":1},"f":{"0":0,"1":0,"2":0,"3":0,"4":0,"5":0,"6":0,"7":0,"8":0,"9":0},"b":{"0":[0,0],"1":[0,0],"2":[0,0],"3":[0,0]},"_coverageSchema":"1a1c01bbd47fc00a2c39e90264f33305004495a9","hash":"948edb51804fd63fa7cbfe728f9b8745a84c33f7"}
,"/Users/winlaeyee/budgeking-2/budgeking/pages/Goal/GoalHistory.js": {"path":"/Users/winlaeyee/budgeking-2/budgeking/pages/Goal/GoalHistory.js","statementMap":{"0":{"start":{"line":11,"column":4},"end":{"line":11,"column":12}},"1":{"start":{"line":12,"column":4},"end":{"line":12,"column":60}},"2":{"start":{"line":13,"column":4},"end":{"line":17,"column":6}},"3":{"start":{"line":18,"column":4},"end":{"line":22,"column":6}},"4":{"start":{"line":24,"column":4},"end":{"line":26,"column":6}},"5":{"start":{"line":30,"column":4},"end":{"line":32,"column":6}},"6":{"start":{"line":33,"column":4},"end":{"line":34,"column":60}},"7":{"start":{"line":36,"column":4},"end":{"line":39,"column":7}},"8":{"start":{"line":37,"column":6},"end":{"line":37,"column":39}},"9":{"start":{"line":38,"column":6},"end":{"line":38,"column":42}},"10":{"start":{"line":43,"column":4},"end":{"line":43,"column":39}},"11":{"start":{"line":44,"column":4},"end":{"line":44,"column":42}},"12":{"start":{"line":45,"column":4},"end":{"line":45,"column":26}},"13":{"start":{"line":49,"column":4},"end":{"line":63,"column":6}},"14":{"start":{"line":54,"column":16},"end":{"line":58,"column":18}},"15":{"start":{"line":66,"column":13},"end":{"line":79,"column":3}},"16":{"start":{"line":67,"column":4},"end":{"line":78,"column":5}},"17":{"start":{"line":68,"column":6},"end":{"line":75,"column":9}},"18":{"start":{"line":69,"column":25},"end":{"line":71,"column":9}},"19":{"start":{"line":70,"column":20},"end":{"line":70,"column":38}},"20":{"start":{"line":72,"column":8},"end":{"line":74,"column":11}},"21":{"start":{"line":77,"column":6},"end":{"line":77,"column":32}},"22":{"start":{"line":77,"column":15},"end":{"line":77,"column":31}},"23":{"start":{"line":81,"column":18},"end":{"line":89,"column":3}},"24":{"start":{"line":82,"column":4},"end":{"line":88,"column":6}},"25":{"start":{"line":91,"column":15},"end":{"line":95,"column":3}},"26":{"start":{"line":92,"column":20},"end":{"line":92,"column":77}},"27":{"start":{"line":92,"column":62},"end":{"line":92,"column":76}},"28":{"start":{"line":93,"column":4},"end":{"line":93,"column":46}},"29":{"start":{"line":94,"column":4},"end":{"line":94,"column":43}},"30":{"start":{"line":98,"column":15},"end":{"line":103,"column":2}}},"fnMap":{"0":{"name":"(anonymous_0)","decl":{"start":{"line":10,"column":2},"end":{"line":10,"column":3}},"loc":{"start":{"line":10,"column":16},"end":{"line":27,"column":3}},"line":10},"1":{"name":"(anonymous_1)","decl":{"start":{"line":29,"column":2},"end":{"line":29,"column":3}},"loc":{"start":{"line":29,"column":22},"end":{"line":40,"column":3}},"line":29},"2":{"name":"(anonymous_2)","decl":{"start":{"line":36,"column":69},"end":{"line":36,"column":70}},"loc":{"start":{"line":36,"column":75},"end":{"line":39,"column":5}},"line":36},"3":{"name":"(anonymous_3)","decl":{"start":{"line":42,"column":2},"end":{"line":42,"column":3}},"loc":{"start":{"line":42,"column":25},"end":{"line":46,"column":3}},"line":42},"4":{"name":"(anonymous_4)","decl":{"start":{"line":48,"column":2},"end":{"line":48,"column":3}},"loc":{"start":{"line":48,"column":11},"end":{"line":64,"column":3}},"line":48},"5":{"name":"(anonymous_5)","decl":{"start":{"line":53,"column":43},"end":{"line":53,"column":44}},"loc":{"start":{"line":54,"column":16},"end":{"line":58,"column":18}},"line":54},"6":{"name":"(anonymous_6)","decl":{"start":{"line":66,"column":13},"end":{"line":66,"column":14}},"loc":{"start":{"line":66,"column":32},"end":{"line":79,"column":3}},"line":66},"7":{"name":"(anonymous_7)","decl":{"start":{"line":68,"column":28},"end":{"line":68,"column":29}},"loc":{"start":{"line":68,"column":37},"end":{"line":75,"column":7}},"line":68},"8":{"name":"(anonymous_8)","decl":{"start":{"line":70,"column":10},"end":{"line":70,"column":11}},"loc":{"start":{"line":70,"column":20},"end":{"line":70,"column":38}},"line":70},"9":{"name":"(anonymous_9)","decl":{"start":{"line":77,"column":6},"end":{"line":77,"column":7}},"loc":{"start":{"line":77,"column":15},"end":{"line":77,"column":31}},"line":77},"10":{"name":"(anonymous_10)","decl":{"start":{"line":81,"column":18},"end":{"line":81,"column":19}},"loc":{"start":{"line":81,"column":24},"end":{"line":89,"column":3}},"line":81},"11":{"name":"(anonymous_11)","decl":{"start":{"line":91,"column":15},"end":{"line":91,"column":16}},"loc":{"start":{"line":91,"column":23},"end":{"line":95,"column":3}},"line":91},"12":{"name":"(anonymous_12)","decl":{"start":{"line":92,"column":52},"end":{"line":92,"column":53}},"loc":{"start":{"line":92,"column":62},"end":{"line":92,"column":76}},"line":92}},"branchMap":{"0":{"loc":{"start":{"line":52,"column":11},"end":{"line":60,"column":34}},"type":"cond-expr","locations":[{"start":{"line":53,"column":14},"end":{"line":59,"column":16}},{"start":{"line":60,"column":14},"end":{"line":60,"column":34}}],"line":52}},"s":{"0":0,"1":0,"2":0,"3":0,"4":0,"5":0,"6":0,"7":0,"8":0,"9":0,"10":0,"11":0,"12":0,"13":0,"14":0,"15":0,"16":0,"17":0,"18":0,"19":0,"20":0,"21":0,"22":0,"23":0,"24":0,"25":0,"26":0,"27":0,"28":0,"29":0,"30":1},"f":{"0":0,"1":0,"2":0,"3":0,"4":0,"5":0,"6":0,"7":0,"8":0,"9":0,"10":0,"11":0,"12":0},"b":{"0":[0,0]},"_coverageSchema":"1a1c01bbd47fc00a2c39e90264f33305004495a9","hash":"601d89795624e5645e56a3d8e91b3e3130b80f08"}
,"/Users/winlaeyee/budgeking-2/budgeking/pages/Goal/GoalsPage.js": {"path":"/Users/winlaeyee/budgeking-2/budgeking/pages/Goal/GoalsPage.js","statementMap":{"0":{"start":{"line":18,"column":0},"end":{"line":20,"column":3}},"1":{"start":{"line":24,"column":4},"end":{"line":24,"column":12}},"2":{"start":{"line":25,"column":4},"end":{"line":25,"column":56}},"3":{"start":{"line":26,"column":4},"end":{"line":30,"column":6}},"4":{"start":{"line":31,"column":4},"end":{"line":35,"column":6}},"5":{"start":{"line":37,"column":4},"end":{"line":41,"column":6}},"6":{"start":{"line":45,"column":4},"end":{"line":47,"column":6}},"7":{"start":{"line":48,"column":4},"end":{"line":50,"column":6}},"8":{"start":{"line":52,"column":4},"end":{"line":55,"column":7}},"9":{"start":{"line":53,"column":6},"end":{"line":53,"column":37}},"10":{"start":{"line":54,"column":6},"end":{"line":54,"column":40}},"11":{"start":{"line":59,"column":4},"end":{"line":59,"column":37}},"12":{"start":{"line":60,"column":4},"end":{"line":60,"column":40}},"13":{"start":{"line":61,"column":4},"end":{"line":61,"column":30}},"14":{"start":{"line":65,"column":4},"end":{"line":140,"column":6}},"15":{"start":{"line":72,"column":36},"end":{"line":72,"column":71}},"16":{"start":{"line":89,"column":35},"end":{"line":89,"column":70}},"17":{"start":{"line":103,"column":27},"end":{"line":103,"column":69}},"18":{"start":{"line":109,"column":27},"end":{"line":109,"column":73}},"19":{"start":{"line":115,"column":14},"end":{"line":122,"column":16}},"20":{"start":{"line":129,"column":14},"end":{"line":136,"column":16}},"21":{"start":{"line":146,"column":13},"end":{"line":174,"column":3}},"22":{"start":{"line":147,"column":4},"end":{"line":173,"column":5}},"23":{"start":{"line":148,"column":6},"end":{"line":170,"column":9}},"24":{"start":{"line":149,"column":29},"end":{"line":151,"column":23}},"25":{"start":{"line":152,"column":26},"end":{"line":152,"column":50}},"26":{"start":{"line":154,"column":8},"end":{"line":169,"column":9}},"27":{"start":{"line":155,"column":27},"end":{"line":157,"column":11}},"28":{"start":{"line":156,"column":22},"end":{"line":156,"column":40}},"29":{"start":{"line":159,"column":10},"end":{"line":161,"column":13}},"30":{"start":{"line":163,"column":27},"end":{"line":165,"column":11}},"31":{"start":{"line":164,"column":22},"end":{"line":164,"column":40}},"32":{"start":{"line":166,"column":10},"end":{"line":168,"column":13}},"33":{"start":{"line":172,"column":6},"end":{"line":172,"column":32}},"34":{"start":{"line":172,"column":15},"end":{"line":172,"column":31}},"35":{"start":{"line":176,"column":19},"end":{"line":191,"column":3}},"36":{"start":{"line":177,"column":4},"end":{"line":190,"column":7}},"37":{"start":{"line":193,"column":13},"end":{"line":225,"column":3}},"38":{"start":{"line":194,"column":4},"end":{"line":202,"column":5}},"39":{"start":{"line":195,"column":22},"end":{"line":197,"column":7}},"40":{"start":{"line":196,"column":18},"end":{"line":196,"column":32}},"41":{"start":{"line":198,"column":6},"end":{"line":198,"column":49}},"42":{"start":{"line":200,"column":22},"end":{"line":200,"column":79}},"43":{"start":{"line":200,"column":64},"end":{"line":200,"column":78}},"44":{"start":{"line":201,"column":6},"end":{"line":201,"column":48}},"45":{"start":{"line":204,"column":4},"end":{"line":209,"column":5}},"46":{"start":{"line":205,"column":6},"end":{"line":205,"column":41}},"47":{"start":{"line":206,"column":6},"end":{"line":206,"column":36}},"48":{"start":{"line":207,"column":6},"end":{"line":207,"column":32}},"49":{"start":{"line":208,"column":6},"end":{"line":208,"column":13}},"50":{"start":{"line":211,"column":4},"end":{"line":224,"column":7}},"51":{"start":{"line":227,"column":15},"end":{"line":244,"column":3}},"52":{"start":{"line":228,"column":4},"end":{"line":232,"column":5}},"53":{"start":{"line":229,"column":6},"end":{"line":229,"column":41}},"54":{"start":{"line":230,"column":6},"end":{"line":230,"column":36}},"55":{"start":{"line":231,"column":6},"end":{"line":231,"column":32}},"56":{"start":{"line":234,"column":4},"end":{"line":242,"column":5}},"57":{"start":{"line":235,"column":22},"end":{"line":237,"column":7}},"58":{"start":{"line":236,"column":18},"end":{"line":236,"column":32}},"59":{"start":{"line":238,"column":6},"end":{"line":238,"column":49}},"60":{"start":{"line":240,"column":22},"end":{"line":240,"column":79}},"61":{"start":{"line":240,"column":64},"end":{"line":240,"column":78}},"62":{"start":{"line":241,"column":6},"end":{"line":241,"column":48}},"63":{"start":{"line":243,"column":4},"end":{"line":243,"column":67}},"64":{"start":{"line":246,"column":15},"end":{"line":272,"column":3}},"65":{"start":{"line":247,"column":4},"end":{"line":255,"column":5}},"66":{"start":{"line":248,"column":22},"end":{"line":250,"column":7}},"67":{"start":{"line":249,"column":18},"end":{"line":249,"column":32}},"68":{"start":{"line":251,"column":6},"end":{"line":251,"column":49}},"69":{"start":{"line":253,"column":22},"end":{"line":253,"column":79}},"70":{"start":{"line":253,"column":64},"end":{"line":253,"column":78}},"71":{"start":{"line":254,"column":6},"end":{"line":254,"column":48}},"72":{"start":{"line":257,"column":4},"end":{"line":271,"column":5}},"73":{"start":{"line":258,"column":6},"end":{"line":258,"column":43}},"74":{"start":{"line":260,"column":6},"end":{"line":269,"column":7}},"75":{"start":{"line":261,"column":8},"end":{"line":261,"column":31}},"76":{"start":{"line":262,"column":8},"end":{"line":264,"column":10}},"77":{"start":{"line":263,"column":20},"end":{"line":263,"column":51}},"78":{"start":{"line":266,"column":8},"end":{"line":268,"column":10}},"79":{"start":{"line":267,"column":20},"end":{"line":267,"column":51}},"80":{"start":{"line":270,"column":6},"end":{"line":270,"column":36}},"81":{"start":{"line":275,"column":29},"end":{"line":281,"column":1}},"82":{"start":{"line":276,"column":2},"end":{"line":280,"column":4}},"83":{"start":{"line":282,"column":15},"end":{"line":326,"column":2}}},"fnMap":{"0":{"name":"(anonymous_0)","decl":{"start":{"line":23,"column":2},"end":{"line":23,"column":3}},"loc":{"start":{"line":23,"column":16},"end":{"line":42,"column":3}},"line":23},"1":{"name":"(anonymous_1)","decl":{"start":{"line":44,"column":2},"end":{"line":44,"column":3}},"loc":{"start":{"line":44,"column":22},"end":{"line":56,"column":3}},"line":44},"2":{"name":"(anonymous_2)","decl":{"start":{"line":52,"column":73},"end":{"line":52,"column":74}},"loc":{"start":{"line":52,"column":79},"end":{"line":55,"column":5}},"line":52},"3":{"name":"(anonymous_3)","decl":{"start":{"line":58,"column":2},"end":{"line":58,"column":3}},"loc":{"start":{"line":58,"column":25},"end":{"line":62,"column":3}},"line":58},"4":{"name":"(anonymous_4)","decl":{"start":{"line":64,"column":2},"end":{"line":64,"column":3}},"loc":{"start":{"line":64,"column":11},"end":{"line":141,"column":3}},"line":64},"5":{"name":"(anonymous_5)","decl":{"start":{"line":72,"column":30},"end":{"line":72,"column":31}},"loc":{"start":{"line":72,"column":36},"end":{"line":72,"column":71}},"line":72},"6":{"name":"(anonymous_6)","decl":{"start":{"line":89,"column":29},"end":{"line":89,"column":30}},"loc":{"start":{"line":89,"column":35},"end":{"line":89,"column":70}},"line":89},"7":{"name":"(anonymous_7)","decl":{"start":{"line":103,"column":21},"end":{"line":103,"column":22}},"loc":{"start":{"line":103,"column":27},"end":{"line":103,"column":69}},"line":103},"8":{"name":"(anonymous_8)","decl":{"start":{"line":109,"column":21},"end":{"line":109,"column":22}},"loc":{"start":{"line":109,"column":27},"end":{"line":109,"column":73}},"line":109},"9":{"name":"(anonymous_9)","decl":{"start":{"line":114,"column":42},"end":{"line":114,"column":43}},"loc":{"start":{"line":115,"column":14},"end":{"line":122,"column":16}},"line":115},"10":{"name":"(anonymous_10)","decl":{"start":{"line":128,"column":41},"end":{"line":128,"column":42}},"loc":{"start":{"line":129,"column":14},"end":{"line":136,"column":16}},"line":129},"11":{"name":"(anonymous_11)","decl":{"start":{"line":146,"column":13},"end":{"line":146,"column":14}},"loc":{"start":{"line":146,"column":32},"end":{"line":174,"column":3}},"line":146},"12":{"name":"(anonymous_12)","decl":{"start":{"line":148,"column":28},"end":{"line":148,"column":29}},"loc":{"start":{"line":148,"column":37},"end":{"line":170,"column":7}},"line":148},"13":{"name":"(anonymous_13)","decl":{"start":{"line":156,"column":12},"end":{"line":156,"column":13}},"loc":{"start":{"line":156,"column":22},"end":{"line":156,"column":40}},"line":156},"14":{"name":"(anonymous_14)","decl":{"start":{"line":164,"column":12},"end":{"line":164,"column":13}},"loc":{"start":{"line":164,"column":22},"end":{"line":164,"column":40}},"line":164},"15":{"name":"(anonymous_15)","decl":{"start":{"line":172,"column":6},"end":{"line":172,"column":7}},"loc":{"start":{"line":172,"column":15},"end":{"line":172,"column":31}},"line":172},"16":{"name":"(anonymous_16)","decl":{"start":{"line":176,"column":19},"end":{"line":176,"column":20}},"loc":{"start":{"line":176,"column":33},"end":{"line":191,"column":3}},"line":176},"17":{"name":"(anonymous_17)","decl":{"start":{"line":193,"column":13},"end":{"line":193,"column":14}},"loc":{"start":{"line":193,"column":33},"end":{"line":225,"column":3}},"line":193},"18":{"name":"(anonymous_18)","decl":{"start":{"line":196,"column":8},"end":{"line":196,"column":9}},"loc":{"start":{"line":196,"column":18},"end":{"line":196,"column":32}},"line":196},"19":{"name":"(anonymous_19)","decl":{"start":{"line":200,"column":54},"end":{"line":200,"column":55}},"loc":{"start":{"line":200,"column":64},"end":{"line":200,"column":78}},"line":200},"20":{"name":"(anonymous_20)","decl":{"start":{"line":227,"column":15},"end":{"line":227,"column":16}},"loc":{"start":{"line":227,"column":43},"end":{"line":244,"column":3}},"line":227},"21":{"name":"(anonymous_21)","decl":{"start":{"line":236,"column":8},"end":{"line":236,"column":9}},"loc":{"start":{"line":236,"column":18},"end":{"line":236,"column":32}},"line":236},"22":{"name":"(anonymous_22)","decl":{"start":{"line":240,"column":54},"end":{"line":240,"column":55}},"loc":{"start":{"line":240,"column":64},"end":{"line":240,"column":78}},"line":240},"23":{"name":"(anonymous_23)","decl":{"start":{"line":246,"column":15},"end":{"line":246,"column":16}},"loc":{"start":{"line":246,"column":35},"end":{"line":272,"column":3}},"line":246},"24":{"name":"(anonymous_24)","decl":{"start":{"line":249,"column":8},"end":{"line":249,"column":9}},"loc":{"start":{"line":249,"column":18},"end":{"line":249,"column":32}},"line":249},"25":{"name":"(anonymous_25)","decl":{"start":{"line":253,"column":54},"end":{"line":253,"column":55}},"loc":{"start":{"line":253,"column":64},"end":{"line":253,"column":78}},"line":253},"26":{"name":"(anonymous_26)","decl":{"start":{"line":263,"column":10},"end":{"line":263,"column":11}},"loc":{"start":{"line":263,"column":20},"end":{"line":263,"column":51}},"line":263},"27":{"name":"(anonymous_27)","decl":{"start":{"line":267,"column":10},"end":{"line":267,"column":11}},"loc":{"start":{"line":267,"column":20},"end":{"line":267,"column":51}},"line":267},"28":{"name":"(anonymous_28)","decl":{"start":{"line":275,"column":29},"end":{"line":275,"column":30}},"loc":{"start":{"line":275,"column":35},"end":{"line":281,"column":1}},"line":275}},"branchMap":{"0":{"loc":{"start":{"line":67,"column":9},"end":{"line":97,"column":9}},"type":"binary-expr","locations":[{"start":{"line":67,"column":9},"end":{"line":67,"column":29}},{"start":{"line":68,"column":10},"end":{"line":96,"column":17}}],"line":67},"1":{"loc":{"start":{"line":113,"column":9},"end":{"line":124,"column":27}},"type":"cond-expr","locations":[{"start":{"line":114,"column":12},"end":{"line":123,"column":14}},{"start":{"line":124,"column":12},"end":{"line":124,"column":27}}],"line":113},"2":{"loc":{"start":{"line":127,"column":9},"end":{"line":138,"column":27}},"type":"cond-expr","locations":[{"start":{"line":128,"column":12},"end":{"line":137,"column":14}},{"start":{"line":138,"column":12},"end":{"line":138,"column":27}}],"line":127},"3":{"loc":{"start":{"line":154,"column":8},"end":{"line":169,"column":9}},"type":"if","locations":[{"start":{"line":154,"column":8},"end":{"line":169,"column":9}},{"start":{"line":162,"column":15},"end":{"line":169,"column":9}}],"line":154},"4":{"loc":{"start":{"line":194,"column":4},"end":{"line":202,"column":5}},"type":"if","locations":[{"start":{"line":194,"column":4},"end":{"line":202,"column":5}},{"start":{"line":199,"column":11},"end":{"line":202,"column":5}}],"line":194},"5":{"loc":{"start":{"line":204,"column":4},"end":{"line":209,"column":5}},"type":"if","locations":[{"start":{"line":204,"column":4},"end":{"line":209,"column":5}},{"start":{},"end":{}}],"line":204},"6":{"loc":{"start":{"line":228,"column":4},"end":{"line":232,"column":5}},"type":"if","locations":[{"start":{"line":228,"column":4},"end":{"line":232,"column":5}},{"start":{},"end":{}}],"line":228},"7":{"loc":{"start":{"line":234,"column":4},"end":{"line":242,"column":5}},"type":"if","locations":[{"start":{"line":234,"column":4},"end":{"line":242,"column":5}},{"start":{"line":239,"column":11},"end":{"line":242,"column":5}}],"line":234},"8":{"loc":{"start":{"line":247,"column":4},"end":{"line":255,"column":5}},"type":"if","locations":[{"start":{"line":247,"column":4},"end":{"line":255,"column":5}},{"start":{"line":252,"column":11},"end":{"line":255,"column":5}}],"line":247},"9":{"loc":{"start":{"line":257,"column":4},"end":{"line":271,"column":5}},"type":"if","locations":[{"start":{"line":257,"column":4},"end":{"line":271,"column":5}},{"start":{"line":259,"column":11},"end":{"line":271,"column":5}}],"line":257},"10":{"loc":{"start":{"line":260,"column":6},"end":{"line":269,"column":7}},"type":"if","locations":[{"start":{"line":260,"column":6},"end":{"line":269,"column":7}},{"start":{"line":265,"column":13},"end":{"line":269,"column":7}}],"line":260}},"s":{"0":2,"1":0,"2":0,"3":0,"4":0,"5":0,"6":0,"7":0,"8":0,"9":0,"10":0,"11":0,"12":0,"13":0,"14":0,"15":0,"16":0,"17":0,"18":0,"19":0,"20":0,"21":0,"22":0,"23":0,"24":0,"25":0,"26":0,"27":0,"28":0,"29":0,"30":0,"31":0,"32":0,"33":0,"34":0,"35":0,"36":0,"37":0,"38":0,"39":0,"40":0,"41":0,"42":0,"43":0,"44":0,"45":0,"46":0,"47":0,"48":0,"49":0,"50":0,"51":0,"52":0,"53":0,"54":0,"55":0,"56":0,"57":0,"58":0,"59":0,"60":0,"61":0,"62":0,"63":0,"64":0,"65":0,"66":0,"67":0,"68":0,"69":0,"70":0,"71":0,"72":0,"73":0,"74":0,"75":0,"76":0,"77":0,"78":0,"79":0,"80":0,"81":2,"82":1,"83":2},"f":{"0":0,"1":0,"2":0,"3":0,"4":0,"5":0,"6":0,"7":0,"8":0,"9":0,"10":0,"11":0,"12":0,"13":0,"14":0,"15":0,"16":0,"17":0,"18":0,"19":0,"20":0,"21":0,"22":0,"23":0,"24":0,"25":0,"26":0,"27":0,"28":1},"b":{"0":[0,0],"1":[0,0],"2":[0,0],"3":[0,0],"4":[0,0],"5":[0,0],"6":[0,0],"7":[0,0],"8":[0,0],"9":[0,0],"10":[0,0]},"_coverageSchema":"1a1c01bbd47fc00a2c39e90264f33305004495a9","hash":"8ed326c6fc2384b175ff745762eedeb82cb4d69f"}
,"/Users/winlaeyee/budgeking-2/budgeking/pages/Goal/NewGoal.js": {"path":"/Users/winlaeyee/budgeking-2/budgeking/pages/Goal/NewGoal.js","statementMap":{"0":{"start":{"line":27,"column":4},"end":{"line":27,"column":12}},"1":{"start":{"line":28,"column":4},"end":{"line":28,"column":62}},"2":{"start":{"line":29,"column":4},"end":{"line":41,"column":6}},"3":{"start":{"line":44,"column":4},"end":{"line":201,"column":6}},"4":{"start":{"line":50,"column":33},"end":{"line":50,"column":76}},"5":{"start":{"line":67,"column":14},"end":{"line":67,"column":49}},"6":{"start":{"line":68,"column":14},"end":{"line":68,"column":38}},"7":{"start":{"line":86,"column":18},"end":{"line":86,"column":62}},"8":{"start":{"line":87,"column":18},"end":{"line":87,"column":42}},"9":{"start":{"line":91,"column":18},"end":{"line":91,"column":38}},"10":{"start":{"line":94,"column":18},"end":{"line":94,"column":30}},"11":{"start":{"line":97,"column":18},"end":{"line":103,"column":20}},"12":{"start":{"line":122,"column":27},"end":{"line":122,"column":48}},"13":{"start":{"line":142,"column":33},"end":{"line":142,"column":66}},"14":{"start":{"line":148,"column":35},"end":{"line":148,"column":53}},"15":{"start":{"line":159,"column":12},"end":{"line":173,"column":19}},"16":{"start":{"line":165,"column":31},"end":{"line":165,"column":54}},"17":{"start":{"line":181,"column":14},"end":{"line":181,"column":48}},"18":{"start":{"line":192,"column":27},"end":{"line":192,"column":44}},"19":{"start":{"line":197,"column":27},"end":{"line":197,"column":66}},"20":{"start":{"line":205,"column":18},"end":{"line":205,"column":28}},"21":{"start":{"line":206,"column":4},"end":{"line":206,"column":22}},"22":{"start":{"line":207,"column":4},"end":{"line":207,"column":25}},"23":{"start":{"line":213,"column":19},"end":{"line":215,"column":3}},"24":{"start":{"line":214,"column":4},"end":{"line":214,"column":40}},"25":{"start":{"line":217,"column":19},"end":{"line":223,"column":3}},"26":{"start":{"line":218,"column":4},"end":{"line":221,"column":7}},"27":{"start":{"line":222,"column":4},"end":{"line":222,"column":28}},"28":{"start":{"line":230,"column":15},"end":{"line":253,"column":3}},"29":{"start":{"line":231,"column":31},"end":{"line":235,"column":5}},"30":{"start":{"line":237,"column":19},"end":{"line":250,"column":5}},"31":{"start":{"line":252,"column":4},"end":{"line":252,"column":72}},"32":{"start":{"line":259,"column":21},"end":{"line":293,"column":3}},"33":{"start":{"line":260,"column":4},"end":{"line":260,"column":41}},"34":{"start":{"line":260,"column":34},"end":{"line":260,"column":41}},"35":{"start":{"line":262,"column":18},"end":{"line":262,"column":28}},"36":{"start":{"line":263,"column":21},"end":{"line":263,"column":40}},"37":{"start":{"line":264,"column":19},"end":{"line":264,"column":36}},"38":{"start":{"line":266,"column":18},"end"
[...]
mn":4},"end":{"line":323,"column":5}},"67":{"start":{"line":320,"column":6},"end":{"line":320,"column":39}},"68":{"start":{"line":321,"column":6},"end":{"line":321,"column":35}},"69":{"start":{"line":322,"column":6},"end":{"line":322,"column":13}},"70":{"start":{"line":325,"column":4},"end":{"line":329,"column":5}},"71":{"start":{"line":326,"column":6},"end":{"line":326,"column":49}},"72":{"start":{"line":327,"column":6},"end":{"line":327,"column":35}},"73":{"start":{"line":328,"column":6},"end":{"line":328,"column":13}},"74":{"start":{"line":331,"column":23},"end":{"line":348,"column":39}},"75":{"start":{"line":336,"column":8},"end":{"line":346,"column":9}},"76":{"start":{"line":337,"column":10},"end":{"line":340,"column":13}},"77":{"start":{"line":341,"column":10},"end":{"line":341,"column":33}},"78":{"start":{"line":343,"column":10},"end":{"line":343,"column":39}},"79":{"start":{"line":344,"column":10},"end":{"line":344,"column":39}},"80":{"start":{"line":345,"column":10},"end":{"line":345,"column":22}},"81":{"start":{"line":348,"column":22},"end":{"line":348,"column":38}},"82":{"start":{"line":351,"column":16},"end":{"line":357,"column":3}},"83":{"start":{"line":352,"column":4},"end":{"line":356,"column":7}},"84":{"start":{"line":354,"column":19},"end":{"line":354,"column":39}},"85":{"start":{"line":359,"column":15},"end":{"line":412,"column":3}},"86":{"start":{"line":360,"column":4},"end":{"line":411,"column":5}},"87":{"start":{"line":363,"column":6},"end":{"line":367,"column":7}},"88":{"start":{"line":364,"column":8},"end":{"line":364,"column":34}},"89":{"start":{"line":366,"column":8},"end":{"line":366,"column":33}},"90":{"start":{"line":369,"column":6},"end":{"line":374,"column":7}},"91":{"start":{"line":370,"column":8},"end":{"line":373,"column":9}},"92":{"start":{"line":371,"column":10},"end":{"line":371,"column":57}},"93":{"start":{"line":372,"column":10},"end":{"line":372,"column":17}},"94":{"start":{"line":376,"column":6},"end":{"line":385,"column":7}},"95":{"start":{"line":381,"column":8},"end":{"line":383,"column":10}},"96":{"start":{"line":384,"column":8},"end":{"line":384,"column":15}},"97":{"start":{"line":387,"column":23},"end":{"line":387,"column":42}},"98":{"start":{"line":388,"column":6},"end":{"line":388,"column":28}},"99":{"start":{"line":389,"column":6},"end":{"line":389,"column":30}},"100":{"start":{"line":390,"column":6},"end":{"line":390,"column":30}},"101":{"start":{"line":392,"column":6},"end":{"line":406,"column":9}},"102":{"start":{"line":408,"column":6},"end":{"line":408,"column":46}},"103":{"start":{"line":410,"column":6},"end":{"line":410,"column":32}},"104":{"start":{"line":410,"column":15},"end":{"line":410,"column":31}},"105":{"start":{"line":415,"column":15},"end":{"line":460,"column":2}}},"fnMap":{"0":{"name":"(anonymous_0)","decl":{"start":{"line":26,"column":2},"end":{"line":26,"column":3}},"loc":{"start":{"line":26,"column":16},"end":{"line":42,"column":3}},"line":26},"1":{"name":"(anonymous_1)","decl":{"start":{"line":43,"column":2},"end":{"line":43,"column":3}},"loc":{"start":{"line":43,"column":11},"end":{"line":202,"column":3}},"line":43},"2":{"name":"(anonymous_2)","decl":{"start":{"line":50,"column":24},"end":{"line":50,"column":25}},"loc":{"start":{"line":50,"column":33},"end":{"line":50,"column":76}},"line":50},"3":{"name":"(anonymous_3)","decl":{"start":{"line":66,"column":27},"end":{"line":66,"column":28}},"loc":{"start":{"line":66,"column":36},"end":{"line":69,"column":13}},"line":66},"4":{"name":"(anonymous_4)","decl":{"start":{"line":85,"column":26},"end":{"line":85,"column":27}},"loc":{"start":{"line":85,"column":52},"end":{"line":88,"column":17}},"line":85},"5":{"name":"(anonymous_5)","decl":{"start":{"line":90,"column":42},"end":{"line":90,"column":43}},"loc":{"start":{"line":90,"column":67},"end":{"line":92,"column":17}},"line":90},"6":{"name":"(anonymous_6)","decl":{"start":{"line":93,"column":37},"end":{"line":93,"column":38}},"loc":{"start":{"line":93,"column":54},"end":{"line":95,"column":17}},"line":93},"7":{"name":"(anonymous_7)","decl":{"start":{"line":96,"column":36},"end":{"line":96,"column":37}},"loc":{"start":{"line":96,"column":50},"end":{"line":104,"column":17}},"line":96},"8":{"name":"(anonymous_8)","decl":{"start":{"line":122,"column":21},"end":{"line":122,"column":22}},"loc":{"start":{"line":122,"column":27},"end":{"line":122,"column":48}},"line":122},"9":{"name":"(anonymous_9)","decl":{"start":{"line":142,"column":24},"end":{"line":142,"column":25}},"loc":{"start":{"line":142,"column":33},"end":{"line":142,"column":66}},"line":142},"10":{"name":"(anonymous_10)","decl":{"start":{"line":148,"column":23},"end":{"line":148,"column":24}},"loc":{"start":{"line":148,"column":35},"end":{"line":148,"column":53}},"line":148},"11":{"name":"(anonymous_11)","decl":{"start":{"line":158,"column":40},"end":{"line":158,"column":41}},"loc":{"start":{"line":159,"column":12},"end":{"line":173,"column":19}},"line":159},"12":{"name":"(anonymous_12)","decl":{"start":{"line":165,"column":25},"end":{"line":165,"column":26}},"loc":{"start":{"line":165,"column":31},"end":{"line":165,"column":54}},"line":165},"13":{"name":"(anonymous_13)","decl":{"start":{"line":180,"column":26},"end":{"line":180,"column":27}},"loc":{"start":{"line":180,"column":35},"end":{"line":182,"column":13}},"line":180},"14":{"name":"(anonymous_14)","decl":{"start":{"line":192,"column":21},"end":{"line":192,"column":22}},"loc":{"start":{"line":192,"column":27},"end":{"line":192,"column":44}},"line":192},"15":{"name":"(anonymous_15)","decl":{"start":{"line":197,"column":21},"end":{"line":197,"column":22}},"loc":{"start":{"line":197,"column":27},"end":{"line":197,"column":66}},"line":197},"16":{"name":"(anonymous_16)","decl":{"start":{"line":204,"column":2},"end":{"line":204,"column":3}},"loc":{"start":{"line":204,"column":28},"end":{"line":208,"column":3}},"line":204},"17":{"name":"(anonymous_17)","decl":{"start":{"line":213,"column":19},"end":{"line":213,"column":20}},"loc":{"start":{"line":213,"column":25},"end":{"line":215,"column":3}},"line":213},"18":{"name":"(anonymous_18)","decl":{"start":{"line":217,"column":19},"end":{"line":217,"column":20}},"loc":{"start":{"line":217,"column":37},"end":{"line":223,"column":3}},"line":217},"19":{"name":"(anonymous_19)","decl":{"start":{"line":230,"column":15},"end":{"line":230,"column":16}},"loc":{"start":{"line":230,"column":21},"end":{"line":253,"column":3}},"line":230},"20":{"name":"(anonymous_20)","decl":{"start":{"line":259,"column":21},"end":{"line":259,"column":22}},"loc":{"start":{"line":259,"column":27},"end":{"line":293,"column":3}},"line":259},"21":{"name":"(anonymous_21)","decl":{"start":{"line":288,"column":19},"end":{"line":288,"column":20}},"loc":{"start":{"line":288,"column":28},"end":{"line":290,"column":5}},"line":288},"22":{"name":"(anonymous_22)","decl":{"start":{"line":298,"column":10},"end":{"line":298,"column":11}},"loc":{"start":{"line":298,"column":22},"end":{"line":304,"column":3}},"line":298},"23":{"name":"(anonymous_23)","decl":{"start":{"line":306,"column":18},"end":{"line":306,"column":19}},"loc":{"start":{"line":306,"column":24},"end":{"line":308,"column":3}},"line":306},"24":{"name":"(anonymous_24)","decl":{"start":{"line":310,"column":18},"end":{"line":310,"column":19}},"loc":{"start":{"line":310,"column":25},"end":{"line":316,"column":3}},"line":310},"25":{"name":"(anonymous_25)","decl":{"start":{"line":318,"column":15},"end":{"line":318,"column":16}},"loc":{"start":{"line":318,"column":32},"end":{"line":349,"column":3}},"line":318},"26":{"name":"(anonymous_26)","decl":{"start":{"line":335,"column":12},"end":{"line":335,"column":13}},"loc":{"start":{"line":335,"column":22},"end":{"line":347,"column":7}},"line":335},"27":{"name":"(anonymous_27)","decl":{"start":{"line":348,"column":13},"end":{"line":348,"column":14}},"loc":{"start":{"line":348,"column":22},"end":{"line":348,"column":38}},"line":348},"28":{"name":"(anonymous_28)","decl":{"start":{"line":351,"column":16},"end":{"line":351,"column":17}},"loc":{"start":{"line":351,"column":33},"end":{"line":357,"column":3}},"line":351},"29":{"name":"(anonymous_29)","decl":{"start":{"line":354,"column":8},"end":{"line":354,"column":9}},"loc":{"start":{"line":354,"column":19},"end":{"line":354,"column":39}},"line":354},"30":{"name":"(anonymous_30)","decl":{"start":{"line":359,"column":15},"end":{"line":359,"column":16}},"loc":{"start":{"line":359,"column":27},"end":{"line":412,"column":3}},"line":359},"31":{"name":"(anonymous_31)","decl":{"start":{"line":410,"column":6},"end":{"line":410,"column":7}},"loc":{"start":{"line":410,"column":15},"end":{"line":410,"column":31}},"line":410}},"branchMap":{"0":{"loc":{"start":{"line":99,"column":28},"end":{"line":99,"column":68}},"type":"cond-expr","locations":[{"start":{"line":99,"column":39},"end":{"line":99,"column":51}},{"start":{"line":99,"column":54},"end":{"line":99,"column":68}}],"line":99},"1":{"loc":{"start":{"line":129,"column":9},"end":{"line":138,"column":9}},"type":"binary-expr","locations":[{"start":{"line":129,"column":9},"end":{"line":129,"column":30}},{"start":{"line":130,"column":10},"end":{"line":137,"column":12}}],"line":129},"2":{"loc":{"start":{"line":133,"column":21},"end":{"line":133,"column":66}},"type":"cond-expr","locations":[{"start":{"line":133,"column":45},"end":{"line":133,"column":54}},{"start":{"line":133,"column":57},"end":{"line":133,"column":66}}],"line":133},"3":{"loc":{"start":{"line":177,"column":9},"end":{"line":187,"column":9}},"type":"binary-expr","locations":[{"start":{"line":177,"column":9},"end":{"line":177,"column":29}},{"start":{"line":178,"column":10},"end":{"line":186,"column":12}}],"line":177},"4":{"loc":{"start":{"line":260,"column":4},"end":{"line":260,"column":41}},"type":"if","locations":[{"start":{"line":260,"column":4},"end":{"line":260,"column":41}},{"start":{},"end":{}}],"line":260},"5":{"loc":{"start":{"line":269,"column":4},"end":{"line":286,"column":5}},"type":"if","locations":[{"start":{"line":269,"column":4},"end":{"line":286,"column":5}},{"start":{"line":271,"column":11},"end":{"line":286,"column":5}}],"line":269},"6":{"loc":{"start":{"line":270,"column":19},"end":{"line":270,"column":56}},"type":"cond-expr","locations":[{"start":{"line":270,"column":33},"end":{"line":270,"column":39}},{"start":{"line":270,"column":42},"end":{"line":270,"column":56}}],"line":270},"7":{"loc":{"start":{"line":271,"column":11},"end":{"line":286,"column":5}},"type":"if","locations":[{"start":{"line":271,"column":11},"end":{"line":286,"column":5}},{"start":{"line":278,"column":11},"end":{"line":286,"column":5}}],"line":271},"8":{"loc":{"start":{"line":273,"column":8},"end":{"line":275,"column":63}},"type":"cond-expr","locations":[{"start":{"line":274,"column":12},"end":{"line":274,"column":13}},{"start":{"line":275,"column":12},"end":{"line":275,"column":63}}],"line":273},"9":{"loc":{"start":{"line":277,"column":19},"end":{"line":277,"column":58}},"type":"cond-expr","locations":[{"start":{"line":277,"column":34},"end":{"line":277,"column":40}},{"start":{"line":277,"column":43},"end":{"line":277,"column":58}}],"line":277},"10":{"loc":{"start":{"line":278,"column":11},"end":{"line":286,"column":5}},"type":"if","locations":[{"start":{"line":278,"column":11},"end":{"line":286,"column":5}},{"start":{"line":282,"column":11},"end":{"line":286,"column":5}}],"line":278},"11":{"loc":{"start":{"line":281,"column":19},"end":{"line":281,"column":56}},"type":"cond-expr","locations":[{"start":{"line":281,"column":33},"end":{"line":281,"column":39}},{"start":{"line":281,"column":42},"end":{"line":281,"column":56}}],"line":281},"12":{"loc":{"start":{"line":285,"column":19},"end":{"line":285,"column":54}},"type":"cond-expr","locations":[{"start":{"line":285,"column":32},"end":{"line":285,"column":38}},{"start":{"line":285,"column":41},"end":{"line":285,"column":54}}],"line":285},"13":{"loc":{"start":{"line":299,"column":4},"end":{"line":303,"column":5}},"type":"if","locations":[{"start":{"line":299,"column":4},"end":{"line":303,"column":5}},{"start":{"line":301,"column":11},"end":{"line":303,"column":5}}],"line":299},"14":{"loc":{"start":{"line":312,"column":4},"end":{"line":315,"column":5}},"type":"if","locations":[{"start":{"line":312,"column":4},"end":{"line":315,"column":5}},{"start":{},"end":{}}],"line":312},"15":{"loc":{"start":{"line":312,"column":8},"end":{"line":312,"column":53}},"type":"binary-expr","locations":[{"start":{"line":312,"column":8},"end":{"line":312,"column":23}},{"start":{"line":312,"column":27},"end":{"line":312,"column":38}},{"start":{"line":312,"column":42},"end":{"line":312,"column":53}}],"line":312},"16":{"loc":{"start":{"line":319,"column":4},"end":{"line":323,"column":5}},"type":"if","locations":[{"start":{"line":319,"column":4},"end":{"line":323,"column":5}},{"start":{},"end":{}}],"line":319},"17":{"loc":{"start":{"line":325,"column":4},"end":{"line":329,"column":5}},"type":"if","locations":[{"start":{"line":325,"column":4},"end":{"line":329,"column":5}},{"start":{},"end":{}}],"line":325},"18":{"loc":{"start":{"line":336,"column":8},"end":{"line":346,"column":9}},"type":"if","locations":[{"start":{"line":336,"column":8},"end":{"line":346,"column":9}},{"start":{"line":342,"column":15},"end":{"line":346,"column":9}}],"line":336},"19":{"loc":{"start":{"line":363,"column":6},"end":{"line":367,"column":7}},"type":"if","locations":[{"start":{"line":363,"column":6},"end":{"line":367,"column":7}},{"start":{"line":365,"column":13},"end":{"line":367,"column":7}}],"line":363},"20":{"loc":{"start":{"line":369,"column":6},"end":{"line":374,"column":7}},"type":"if","locations":[{"start":{"line":369,"column":6},"end":{"line":374,"column":7}},{"start":{},"end":{}}],"line":369},"21":{"loc":{"start":{"line":370,"column":8},"end":{"line":373,"column":9}},"type":"if","locations":[{"start":{"line":370,"column":8},"end":{"line":373,"column":9}},{"start":{},"end":{}}],"line":370},"22":{"loc":{"start":{"line":376,"column":6},"end":{"line":385,"column":7}},"type":"if","locations":[{"start":{"line":376,"column":6},"end":{"line":385,"column":7}},{"start":{},"end":{}}],"line":376},"23":{"loc":{"start":{"line":377,"column":8},"end":{"line":379,"column":29}},"type":"binary-expr","locations":[{"start":{"line":377,"column":8},"end":{"line":377,"column":35}},{"start":{"line":378,"column":8},"end":{"line":378,"column":26}},{"start":{"line":379,"column":8},"end":{"line":379,"column":29}}],"line":377}},"s":{"0":0,"1":0,"2":0,"3":0,"4":0,"5":0,"6":0,"7":0,"8":0,"9":0,"10":0,"11":0,"12":0,"13":0,"14":0,"15":0,"16":0,"17":0,"18":0,"19":0,"20":0,"21":0,"22":0,"23":0,"24":0,"25":0,"26":0,"27":0,"28":0,"29":0,"30":0,"31":0,"32":0,"33":0,"34":0,"35":0,"36":0,"37":0,"38":0,"39":0,"40":0,"41":0,"42":0,"43":0,"44":0,"45":0,"46":0,"47":0,"48":0,"49":0,"50":0,"51":0,"52":0,"53":0,"54":0,"55":0,"56":0,"57":0,"58":0,"59":0,"60":0,"61":0,"62":0,"63":0,"64":0,"65":0,"66":0,"67":0,"68":0,"69":0,"70":0,"71":0,"72":0,"73":0,"74":0,"75":0,"76":0,"77":0,"78":0,"79":0,"80":0,"81":0,"82":0,"83":0,"84":0,"85":0,"86":0,"87":0,"88":0,"89":0,"90":0,"91":0,"92":0,"93":0,"94":0,"95":0,"96":0,"97":0,"98":0,"99":0,"100":0,"101":0,"102":0,"103":0,"104":0,"105":1},"f":{"0":0,"1":0,"2":0,"3":0,"4":0,"5":0,"6":0,"7":0,"8":0,"9":0,"10":0,"11":0,"12":0,"13":0,"14":0,"15":0,"16":0,"17":0,"18":0,"19":0,"20":0,"21":0,"22":0,"23":0,"24":0,"25":0,"26":0,"27":0,"28":0,"29":0,"30":0,"31":0},"b":{"0":[0,0],"1":[0,0],"2":[0,0],"3":[0,0],"4":[0,0],"5":[0,0],"6":[0,0],"7":[0,0],"8":[0,0],"9":[0,0],"10":[0,0],"11":[0,0],"12":[0,0],"13":[0,0],"14":[0,0],"15":[0,0,0],"16":[0,0],"17":[0,0],"18":[0,0],"19":[0,0],"20":[0,0],"21":[0,0],"22":[0,0],"23":[0,0,0]},"_coverageSchema":"1a1c01bbd47fc00a2c39e90264f33305004495a9","hash":"0232d48909d4f2408e7a1eb7765bfc4d5a1ddf48"}
,"/Users/winlaeyee/budgeking-2/budgeking/pages/Goal/SaveToGoal.js": {"path":"/Users/winlaeyee/budgeking-2/budgeking/pages/Goal/SaveToGoal.js","statementMap":{"0":{"start":{"line":11,"column":34},"end":{"line":11,"column":46}},"1":{"start":{"line":12,"column":38},"end":{"line":12,"column":51}},"2":{"start":{"line":13,"column":46},"end":{"line":13,"column":74}},"3":{"start":{"line":15,"column":18},"end":{"line":15,"column":59}},"4":{"start":{"line":17,"column":2},"end":{"line":24,"column":42}},"5":{"start":{"line":18,"column":24},"end":{"line":22,"column":6}},"6":{"start":{"line":19,"column":6},"end":{"line":21,"column":7}},"7":{"start":{"line":20,"column":8},"end":{"line":20,"column":64}},"8":{"start":{"line":23,"column":4},"end":{"line":23,"column":23}},"9":{"start":{"line":26,"column":24},"end":{"line":39,"column":3}},"10":{"start":{"line":27,"column":4},"end":{"line":30,"column":5}},"11":{"start":{"line":28,"column":6},"end":{"line":28,"column":36}},"12":{"start":{"line":29,"column":6},"end":{"line":29,"column":13}},"13":{"start":{"line":31,"column":19},"end":{"line":31,"column":55}},"14":{"start":{"line":33,"column":17},"end":{"line":36,"column":39}},"15":{"start":{"line":35,"column":21},"end":{"line":35,"column":31}},"16":{"start":{"line":36,"column":22},"end":{"line":36,"column":38}},"17":{"start":{"line":37,"column":4},"end":{"line":37,"column":33}},"18":{"start":{"line":38,"column":4},"end":{"line":38,"column":41}},"19":{"start":{"line":41,"column":2},"end":{"line":87,"column":4}},"20":{"start":{"line":69,"column":34},"end":{"line":69,"column":52}},"21":{"start":{"line":77,"column":25},"end":{"line":77,"column":50}},"22":{"start":{"line":83,"column":25},"end":{"line":83,"column":53}},"23":{"start":{"line":90,"column":15},"end":{"line":110,"column":2}}},"fnMap":{"0":{"name":"SaveToGoal","decl":{"start":{"line":10,"column":9},"end":{"line":10,"column":19}},"loc":{"start":{"line":10,"column":43},"end":{"line":88,"column":1}},"line":10},"1":{"name":"(anonymous_1)","decl":{"start":{"line":17,"column":12},"end":{"line":17,"column":13}},"loc":{"start":{"line":17,"column":18},"end":{"line":24,"column":3}},"line":17},"2":{"name":"(anonymous_2)","decl":{"start":{"line":18,"column":43},"end":{"line":18,"column":44}},"loc":{"start":{"line":18,"column":52},"end":{"line":22,"column":5}},"line":18},"3":{"name":"(anonymous_3)","decl":{"start":{"line":26,"column":24},"end":{"line":26,"column":25}},"loc":{"start":{"line":26,"column":39},"end":{"line":39,"column":3}},"line":26},"4":{"name":"(anonymous_4)","decl":{"start":{"line":35,"column":12},"end":{"line":35,"column":13}},"loc":{"start":{"line":35,"column":21},"end":{"line":35,"column":31}},"line":35},"5":{"name":"(anonymous_5)","decl":{"start":{"line":36,"column":13},"end":{"line":36,"column":14}},"loc":{"start":{"line":36,"column":22},"end":{"line":36,"column":38}},"line":36},"6":{"name":"(anonymous_6)","decl":{"start":{"line":69,"column":25},"end":{"line":69,"column":26}},"loc":{"start":{"line":69,"column":34},"end":{"line":69,"column":52}},"line":69},"7":{"name":"(anonymous_7)","decl":{"start":{"line":77,"column":19},"end":{"line":77,"column":20}},"loc":{"start":{"line":77,"column":25},"end":{"line":77,"column":50}},"line":77},"8":{"name":"(anonymous_8)","decl":{"start":{"line":83,"column":19},"end":{"line":83,"column":20}},"loc":{"start":{"line":83,"column":25},"end":{"line":83,"column":53}},"line":83}},"branchMap":{"0":{"loc":{"start":{"line":19,"column":6},"end":{"line":21,"column":7}},"type":"if","locations":[{"start":{"line":19,"column":6},"end":{"line":21,"column":7}},{"start":{},"end":{}}],"line":19},"1":{"loc":{"start":{"line":27,"column":4},"end":{"line":30,"column":5}},"type":"if","locations":[{"start":{"line":27,"column":4},"end":{"line":30,"column":5}},{"start":{},"end":{}}],"line":27}},"s":{"0":0,"1":0,"2":0,"3":0,"4":0,"5":0,"6":0,"7":0,"8":0,"9":0,"10":0,"11":0,"12":0,"13":0,"14":0,"15":0,"16":0,"17":0,"18":0,"19":0,"20":0,"21":0,"22":0,"23":1},"f":{"0":0,"1":0,"2":0,"3":0,"4":0,"5":0,"6":0,"7":0,"8":0},"b":{"0":[0,0],"1":[0,0]},"_coverageSchema":"1a1c01bbd47fc00a2c39e90264f33305004495a9","hash":"c68e2a9c8d5502bdb5e772b88c95d8c2d8d49fbb"}
}
