TN:
SF:pages\Budget\BudgetPage.js
FN:28,(anonymous_0)
FN:48,(anonymous_1)
FN:57,(anonymous_2)
FN:65,(anonymous_3)
FN:91,(anonymous_4)
FN:107,(anonymous_5)
FN:124,(anonymous_6)
FN:155,(anonymous_7)
FN:166,(anonymous_8)
FN:182,(anonymous_9)
FN:196,(anonymous_10)
FN:201,(anonymous_11)
FN:209,(anonymous_12)
FN:218,(anonymous_13)
FN:222,(anonymous_14)
FN:226,(anonymous_15)
FN:233,(anonymous_16)
FN:243,(anonymous_17)
FN:247,(anonymous_18)
FN:254,(anonymous_19)
FN:255,(anonymous_20)
FN:257,(anonymous_21)
FN:260,(anonymous_22)
FN:272,(anonymous_23)
FN:281,(anonymous_24)
FN:290,(anonymous_25)
FN:302,(anonymous_26)
FN:307,(anonymous_27)
FN:326,(anonymous_28)
FN:347,(anonymous_29)
FN:396,(anonymous_30)
FN:420,(anonymous_31)
FN:445,(anonymous_32)
FNF:33
FNH:2
FNDA:0,(anonymous_0)
FNDA:0,(anonymous_1)
FNDA:0,(anonymous_2)
FNDA:0,(anonymous_3)
FNDA:0,(anonymous_4)
FNDA:0,(anonymous_5)
FNDA:0,(anonymous_6)
FNDA:0,(anonymous_7)
FNDA:0,(anonymous_8)
FNDA:0,(anonymous_9)
FNDA:0,(anonymous_10)
FNDA:0,(anonymous_11)
FNDA:0,(anonymous_12)
FNDA:0,(anonymous_13)
FNDA:0,(anonymous_14)
FNDA:0,(anonymous_15)
FNDA:0,(anonymous_16)
FNDA:0,(anonymous_17)
FNDA:0,(anonymous_18)
FNDA:0,(anonymous_19)
FNDA:0,(anonymous_20)
FNDA:0,(anonymous_21)
FNDA:0,(anonymous_22)
FNDA:0,(anonymous_23)
FNDA:0,(anonymous_24)
FNDA:0,(anonymous_25)
FNDA:0,(anonymous_26)
FNDA:0,(anonymous_27)
FNDA:0,(anonymous_28)
FNDA:0,(anonymous_29)
FNDA:0,(anonymous_30)
FNDA:1,(anonymous_31)
FNDA:1,(anonymous_32)
DA:29,0
DA:30,0
DA:31,0
DA:49,0
DA:58,0
DA:65,0
DA:92,0
DA:107,0
DA:124,0
DA:155,0
DA:166,0
DA:182,0
DA:196,0
DA:201,0
DA:210,0
DA:211,0
DA:212,0
DA:218,0
DA:219,0
DA:222,0
DA:223,0
DA:226,0
DA:227,0
DA:233,0
DA:234,0
DA:243,0
DA:244,0
DA:247,0
DA:249,0
DA:250,0
DA:254,0
DA:255,0
DA:256,0
DA:257,0
DA:258,0
DA:260,0
DA:261,0
DA:262,0
DA:264,0
DA:265,0
DA:266,0
DA:269,0
DA:270,0
DA:271,0
DA:272,0
DA:273,0
DA:275,0
DA:281,0
DA:282,0
DA:283,0
DA:290,0
DA:291,0
DA:292,0
DA:293,0
DA:294,0
DA:302,0
DA:303,0
DA:304,0
DA:308,0
DA:323,0
DA:327,0
DA:328,0
DA:330,0
DA:347,0
DA:349,0
DA:350,0
DA:351,0
DA:354,0
DA:357,0
DA:358,0
DA:364,0
DA:371,0
DA:372,0
DA:373,0
DA:377,0
DA:388,0
DA:390,0
DA:396,0
DA:397,0
DA:398,0
DA:399,0
DA:412,0
DA:420,2
DA:421,1
DA:427,1
DA:442,1
DA:445,2
DA:446,1
DA:451,1
DA:454,2
LF:90
LH:8
BRDA:131,0,0,0
BRDA:131,0,1,0
BRDA:135,1,0,0
BRDA:135,1,1,0
BRDA:141,2,0,0
BRDA:141,2,1,0
BRDA:145,3,0,0
BRDA:145,3,1,0
BRDA:162,4,0,0
BRDA:162,4,1,0
BRDA:249,5,0,0
BRDA:249,5,1,0
BRDA:293,6,0,0
BRDA:293,6,1,0
BRDA:303,7,0,0
BRDA:303,7,1,0
BRDA:327,8,0,0
BRDA:327,8,1,0
BRDA:349,9,0,0
BRDA:349,9,1,0
BRDA:349,10,0,0
BRDA:349,10,1,0
BRDA:357,11,0,0
BRDA:357,11,1,0
BRDA:371,12,0,0
BRDA:371,12,1,0
BRDA:371,13,0,0
BRDA:371,13,1,0
BRDA:448,14,0,1
BRDA:448,14,1,0
BRF:30
BRH:1
end_of_record
TN:
SF:pages\Budget\LocationSearch.js
FN:14,(anonymous_0)
FN:30,(anonymous_1)
FN:52,(anonymous_2)
FN:60,(anonymous_3)
FN:122,(anonymous_4)
FNF:5
FNH:0
FNDA:0,(anonymous_0)
FNDA:0,(anonymous_1)
FNDA:0,(anonymous_2)
FNDA:0,(anonymous_3)
FNDA:0,(anonymous_4)
DA:10,1
DA:11,1
DA:15,0
DA:16,0
DA:31,0
DA:32,0
DA:33,0
DA:34,0
DA:36,0
DA:37,0
DA:38,0
DA:39,0
DA:48,0
DA:53,0
DA:62,0
DA:122,0
DA:123,0
DA:124,0
DA:126,0
DA:140,1
LF:20
LH:3
BRDA:32,0,0,0
BRDA:32,0,1,0
BRDA:60,1,0,0
BRDA:123,2,0,0
BRDA:123,2,1,0
BRF:5
BRH:0
end_of_record
TN:
SF:pages\Goal\EditGoal.js
FN:25,EditGoal
FN:32,(anonymous_1)
FN:36,(anonymous_2)
FN:40,(anonymous_3)
FN:44,(anonymous_4)
FN:49,(anonymous_5)
FN:78,(anonymous_6)
FN:109,(anonymous_7)
FN:116,(anonymous_8)
FN:118,(anonymous_9)
FN:126,(anonymous_10)
FN:138,(anonymous_11)
FN:142,(anonymous_12)
FN:150,(anonymous_13)
FN:168,(anonymous_14)
FN:180,(anonymous_15)
FN:183,(anonymous_16)
FN:199,(anonymous_17)
FN:215,(anonymous_18)
FN:232,(anonymous_19)
FN:237,(anonymous_20)
FN:240,(anonymous_21)
FN:243,(anonymous_22)
FN:269,(anonymous_23)
FN:289,(anonymous_24)
FN:299,(anonymous_25)
FN:308,(anonymous_26)
FN:315,(anonymous_27)
FN:330,(anonymous_28)
FN:345,(anonymous_29)
FN:350,(anonymous_30)
FNF:31
FNH:0
FNDA:0,EditGoal
FNDA:0,(anonymous_1)
FNDA:0,(anonymous_2)
FNDA:0,(anonymous_3)
FNDA:0,(anonymous_4)
FNDA:0,(anonymous_5)
FNDA:0,(anonymous_6)
FNDA:0,(anonymous_7)
FNDA:0,(anonymous_8)
FNDA:0,(anonymous_9)
FNDA:0,(anonymous_10)
FNDA:0,(anonymous_11)
FNDA:0,(anonymous_12)
FNDA:0,(anonymous_13)
FNDA:0,(anonymous_14)
FNDA:0,(anonymous_15)
FNDA:0,(anonymous_16)
FNDA:0,(anonymous_17)
FNDA:0,(anonymous_18)
FNDA:0,(anonymous_19)
FNDA:0,(anonymous_20)
FNDA:0,(anonymous_21)
FNDA:0,(anonymous_22)
FNDA:0,(anonymous_23)
FNDA:0,(anonymous_24)
FNDA:0,(anonymous_25)
FNDA:0,(anonymous_26)
FNDA:0,(anonymous_27)
FNDA:0,(anonymous_28)
FNDA:0,(anonymous_29)
FNDA:0,(anonymous_30)
DA:26,0
DA:27,0
DA:28,0
DA:29,0
DA:30,0
DA:31,0
DA:32,0
DA:35,0
DA:36,0
DA:40,0
DA:41,0
DA:44,0
DA:45,0
DA:46,0
DA:49,0
DA:50,0
DA:56,0
DA:71,0
DA:78,0
DA:79,0
DA:80,0
DA:82,0
DA:84,0
DA:86,0
DA:90,0
DA:91,0
DA:92,0
DA:94,0
DA:98,0
DA:99,0
DA:100,0
DA:101,0
DA:102,0
DA:104,0
DA:105,0
DA:106,0
DA:109,0
DA:110,0
DA:113,0
DA:116,0
DA:117,0
DA:118,0
DA:120,0
DA:121,0
DA:122,0
DA:126,0
DA:127,0
DA:128,0
DA:130,0
DA:138,0
DA:139,0
DA:142,0
DA:143,0
DA:144,0
DA:145,0
DA:146,0
DA:150,0
DA:151,0
DA:152,0
DA:153,0
DA:155,0
DA:158,0
DA:159,0
DA:160,0
DA:161,0
DA:164,0
DA:169,0
DA:170,0
DA:171,0
DA:172,0
DA:174,0
DA:175,0
DA:177,0
DA:180,0
DA:183,0
DA:184,0
DA:185,0
DA:186,0
DA:187,0
DA:188,0
DA:189,0
DA:190,0
DA:193,0
DA:199,0
DA:215,0
DA:233,0
DA:234,0
DA:238,0
DA:241,0
DA:244,0
DA:269,0
DA:289,0
DA:299,0
DA:309,0
DA:315,0
DA:331,0
DA:345,0
DA:350,0
DA:359,1
LF:99
LH:1
BRDA:79,0,0,0
BRDA:79,0,1,0
BRDA:90,1,0,0
BRDA:90,1,1,0
BRDA:91,2,0,0
BRDA:91,2,1,0
BRDA:92,3,0,0
BRDA:92,3,1,0
BRDA:94,4,0,0
BRDA:94,4,1,0
BRDA:98,5,0,0
BRDA:98,5,1,0
BRDA:99,6,0,0
BRDA:99,6,1,0
BRDA:102,7,0,0
BRDA:102,7,1,0
BRDA:106,8,0,0
BRDA:106,8,1,0
BRDA:121,9,0,0
BRDA:121,9,1,0
BRDA:127,10,0,0
BRDA:127,10,1,0
BRDA:144,11,0,0
BRDA:144,11,1,0
BRDA:144,12,0,0
BRDA:144,12,1,0
BRDA:144,12,2,0
BRDA:151,13,0,0
BRDA:151,13,1,0
BRDA:158,14,0,0
BRDA:158,14,1,0
BRDA:169,15,0,0
BRDA:169,15,1,0
BRDA:246,16,0,0
BRDA:246,16,1,0
BRDA:276,17,0,0
BRDA:276,17,1,0
BRDA:280,18,0,0
BRDA:280,18,1,0
BRDA:294,19,0,0
BRDA:294,19,1,0
BRDA:298,20,0,0
BRDA:298,20,1,0
BRDA:327,21,0,0
BRDA:327,21,1,0
BRF:45
BRH:0
end_of_record
TN:
SF:pages\Goal\GenerateGoal.js
FN:19,GenerateGoal
FN:27,(anonymous_1)
FN:30,(anonymous_2)
FN:32,(anonymous_3)
FN:41,(anonymous_4)
FN:67,(anonymous_5)
FN:71,(anonymous_6)
FN:75,(anonymous_7)
FN:91,(anonymous_8)
FN:103,(anonymous_9)
FN:157,(anonymous_10)
FN:165,(anonymous_11)
FN:168,(anonymous_12)
FN:180,(anonymous_13)
FN:190,(anonymous_14)
FN:252,(anonymous_15)
FN:260,(anonymous_16)
FN:298,(anonymous_17)
FNF:18
FNH:4
FNDA:1,GenerateGoal
FNDA:1,(anonymous_1)
FNDA:0,(anonymous_2)
FNDA:1,(anonymous_3)
FNDA:1,(anonymous_4)
FNDA:0,(anonymous_5)
FNDA:0,(anonymous_6)
FNDA:0,(anonymous_7)
FNDA:0,(anonymous_8)
FNDA:0,(anonymous_9)
FNDA:0,(anonymous_10)
FNDA:0,(anonymous_11)
FNDA:0,(anonymous_12)
FNDA:0,(anonymous_13)
FNDA:0,(anonymous_14)
FNDA:0,(anonymous_15)
FNDA:0,(anonymous_16)
FNDA:0,(anonymous_17)
DA:20,1
DA:21,1
DA:22,0
DA:24,1
DA:25,1
DA:26,1
DA:27,1
DA:30,1
DA:32,1
DA:33,1
DA:34,1
DA:35,0
DA:37,1
DA:41,1
DA:42,1
DA:43,1
DA:49,1
DA:64,1
DA:67,1
DA:68,0
DA:71,1
DA:72,0
DA:75,1
DA:77,0
DA:78,0
DA:79,0
DA:81,0
DA:84,0
DA:87,0
DA:92,0
DA:103,1
DA:104,0
DA:105,0
DA:106,0
DA:108,0
DA:109,0
DA:110,0
DA:113,0
DA:115,0
DA:116,0
DA:117,0
DA:119,0
DA:122,0
DA:123,0
DA:124,0
DA:125,0
DA:126,0
DA:128,0
DA:129,0
DA:130,0
DA:134,0
DA:135,0
DA:137,0
DA:141,1
DA:157,0
DA:165,0
DA:169,0
DA:181,0
DA:190,0
DA:252,0
DA:260,0
DA:298,0
DA:319,2
LF:63
LH:22
BRDA:21,0,0,0
BRDA:21,0,1,1
BRDA:34,1,0,0
BRDA:34,1,1,1
BRDA:77,2,0,0
BRDA:77,2,1,0
BRDA:78,3,0,0
BRDA:78,3,1,0
BRDA:108,4,0,0
BRDA:108,4,1,0
BRDA:115,5,0,0
BRDA:115,5,1,0
BRDA:117,6,0,0
BRDA:117,6,1,0
BRDA:119,7,0,0
BRDA:119,7,1,0
BRDA:123,8,0,0
BRDA:123,8,1,0
BRDA:134,9,0,0
BRDA:134,9,1,0
BRDA:142,10,0,0
BRDA:142,10,1,1
BRDA:194,11,0,0
BRDA:194,11,1,1
BRDA:251,12,0,0
BRDA:251,12,1,1
BRDA:270,13,0,1
BRDA:270,13,1,0
BRDA:272,14,0,0
BRDA:272,14,1,0
BRDA:310,15,0,0
BRDA:310,15,1,0
BRF:32
BRH:6
end_of_record
TN:
SF:pages\Goal\GenerateOldGoal.js
FN:19,GenerateOldGoal
FN:24,(anonymous_1)
FN:33,(anonymous_2)
FN:59,(anonymous_3)
FN:67,(anonymous_4)
FN:85,(anonymous_5)
FN:100,(anonymous_6)
FN:108,(anonymous_7)
FN:192,(anonymous_8)
FN:218,(anonymous_9)
FN:220,(anonymous_10)
FNF:11
FNH:0
FNDA:0,GenerateOldGoal
FNDA:0,(anonymous_1)
FNDA:0,(anonymous_2)
FNDA:0,(anonymous_3)
FNDA:0,(anonymous_4)
FNDA:0,(anonymous_5)
FNDA:0,(anonymous_6)
FNDA:0,(anonymous_7)
FNDA:0,(anonymous_8)
FNDA:0,(anonymous_9)
FNDA:0,(anonymous_10)
DA:20,0
DA:21,0
DA:22,0
DA:24,0
DA:25,0
DA:26,0
DA:27,0
DA:29,0
DA:33,0
DA:34,0
DA:35,0
DA:41,0
DA:56,0
DA:59,0
DA:60,0
DA:68,0
DA:80,0
DA:85,0
DA:100,0
DA:108,0
DA:193,0
DA:218,0
DA:220,0
DA:225,1
LF:24
LH:1
BRDA:26,0,0,0
BRDA:26,0,1,0
BRDA:99,1,0,0
BRDA:99,1,1,0
BRDA:118,2,0,0
BRDA:118,2,1,0
BRDA:172,3,0,0
BRDA:172,3,1,0
BRDA:207,4,0,0
BRDA:207,4,1,0
BRF:10
BRH:0
end_of_record
TN:
SF:pages\Goal\GoalHistory.js
FN:10,(anonymous_0)
FN:29,(anonymous_1)
FN:36,(anonymous_2)
FN:42,(anonymous_3)
FN:48,(anonymous_4)
FN:53,(anonymous_5)
FN:66,(anonymous_6)
FN:68,(anonymous_7)
FN:70,(anonymous_8)
FN:77,(anonymous_9)
FN:81,(anonymous_10)
FN:91,(anonymous_11)
FN:92,(anonymous_12)
FNF:13
FNH:0
FNDA:0,(anonymous_0)
FNDA:0,(anonymous_1)
FNDA:0,(anonymous_2)
FNDA:0,(anonymous_3)
FNDA:0,(anonymous_4)
FNDA:0,(anonymous_5)
FNDA:0,(anonymous_6)
FNDA:0,(anonymous_7)
FNDA:0,(anonymous_8)
FNDA:0,(anonymous_9)
FNDA:0,(anonymous_10)
FNDA:0,(anonymous_11)
FNDA:0,(anonymous_12)
DA:11,0
DA:12,0
DA:13,0
DA:18,0
DA:24,0
DA:30,0
DA:33,0
DA:36,0
DA:37,0
DA:38,0
DA:43,0
DA:44,0
DA:45,0
DA:49,0
DA:54,0
DA:66,0
DA:67,0
DA:68,0
DA:69,0
DA:70,0
DA:72,0
DA:77,0
DA:81,0
DA:82,0
DA:91,0
DA:92,0
DA:93,0
DA:94,0
DA:98,1
LF:29
LH:1
BRDA:52,0,0,0
BRDA:52,0,1,0
BRF:2
BRH:0
end_of_record
TN:
SF:pages\Goal\GoalsPage.js
FN:23,(anonymous_0)
FN:44,(anonymous_1)
FN:52,(anonymous_2)
FN:58,(anonymous_3)
FN:64,(anonymous_4)
FN:72,(anonymous_5)
FN:89,(anonymous_6)
FN:103,(anonymous_7)
FN:109,(anonymous_8)
FN:114,(anonymous_9)
FN:128,(anonymous_10)
FN:146,(anonymous_11)
FN:148,(anonymous_12)
FN:156,(anonymous_13)
FN:164,(anonymous_14)
FN:172,(anonymous_15)
FN:176,(anonymous_16)
FN:191,(anonymous_17)
FN:194,(anonymous_18)
FN:198,(anonymous_19)
FN:225,(anonymous_20)
FN:234,(anonymous_21)
FN:238,(anonymous_22)
FN:244,(anonymous_23)
FN:247,(anonymous_24)
FN:251,(anonymous_25)
FN:261,(anonymous_26)
FN:265,(anonymous_27)
FN:273,(anonymous_28)
FNF:29
FNH:1
FNDA:0,(anonymous_0)
FNDA:0,(anonymous_1)
FNDA:0,(anonymous_2)
FNDA:0,(anonymous_3)
FNDA:0,(anonymous_4)
FNDA:0,(anonymous_5)
FNDA:0,(anonymous_6)
FNDA:0,(anonymous_7)
FNDA:0,(anonymous_8)
FNDA:0,(anonymous_9)
FNDA:0,(anonymous_10)
FNDA:0,(anonymous_11)
FNDA:0,(anonymous_12)
FNDA:0,(anonymous_13)
FNDA:0,(anonymous_14)
FNDA:0,(anonymous_15)
FNDA:0,(anonymous_16)
FNDA:0,(anonymous_17)
FNDA:0,(anonymous_18)
FNDA:0,(anonymous_19)
FNDA:0,(anonymous_20)
FNDA:0,(anonymous_21)
FNDA:0,(anonymous_22)
FNDA:0,(anonymous_23)
FNDA:0,(anonymous_24)
FNDA:0,(anonymous_25)
FNDA:0,(anonymous_26)
FNDA:0,(anonymous_27)
FNDA:1,(anonymous_28)
DA:18,2
DA:24,0
DA:25,0
DA:26,0
DA:31,0
DA:37,0
DA:45,0
DA:48,0
DA:52,0
DA:53,0
DA:54,0
DA:59,0
DA:60,0
DA:61,0
DA:65,0
DA:72,0
DA:89,0
DA:103,0
DA:109,0
DA:115,0
DA:129,0
DA:146,0
DA:147,0
DA:148,0
DA:149,0
DA:152,0
DA:154,0
DA:155,0
DA:156,0
DA:159,0
DA:163,0
DA:164,0
DA:166,0
DA:172,0
DA:176,0
DA:177,0
DA:191,0
DA:192,0
DA:193,0
DA:194,0
DA:196,0
DA:198,0
DA:199,0
DA:202,0
DA:203,0
DA:204,0
DA:205,0
DA:206,0
DA:209,0
DA:225,0
DA:226,0
DA:227,0
DA:228,0
DA:229,0
DA:232,0
DA:233,0
DA:234,0
DA:236,0
DA:238,0
DA:239,0
DA:241,0
DA:244,0
DA:245,0
DA:246,0
DA:247,0
DA:249,0
DA:251,0
DA:252,0
DA:255,0
DA:256,0
DA:258,0
DA:259,0
DA:260,0
DA:261,0
DA:264,0
DA:265,0
DA:268,0
DA:273,2
DA:274,1
DA:280,2
LF:80
LH:4
BRDA:67,0,0,0
BRDA:67,0,1,0
BRDA:113,1,0,0
BRDA:113,1,1,0
BRDA:127,2,0,0
BRDA:127,2,1,0
BRDA:154,3,0,0
BRDA:154,3,1,0
BRDA:192,4,0,0
BRDA:192,4,1,0
BRDA:202,5,0,0
BRDA:202,5,1,0
BRDA:226,6,0,0
BRDA:226,6,1,0
BRDA:232,7,0,0
BRDA:232,7,1,0
BRDA:245,8,0,0
BRDA:245,8,1,0
BRDA:255,9,0,0
BRDA:255,9,1,0
BRDA:258,10,0,0
BRDA:258,10,1,0
BRF:22
BRH:0
end_of_record
TN:
SF:pages\Goal\NewGoal.js
FN:26,(anonymous_0)
FN:43,(anonymous_1)
FN:50,(anonymous_2)
FN:66,(anonymous_3)
FN:85,(anonymous_4)
FN:90,(anonymous_5)
FN:93,(anonymous_6)
FN:96,(anonymous_7)
FN:122,(anonymous_8)
FN:142,(anonymous_9)
FN:148,(anonymous_10)
FN:158,(anonymous_11)
FN:165,(anonymous_12)
FN:180,(anonymous_13)
FN:192,(anonymous_14)
FN:197,(anonymous_15)
FN:204,(anonymous_16)
FN:213,(anonymous_17)
FN:217,(anonymous_18)
FN:230,(anonymous_19)
FN:259,(anonymous_20)
FN:288,(anonymous_21)
FN:298,(anonymous_22)
FN:306,(anonymous_23)
FN:310,(anonymous_24)
FN:318,(anonymous_25)
FN:335,(anonymous_26)
FN:348,(anonymous_27)
FN:351,(anonymous_28)
FN:354,(anonymous_29)
FN:359,(anonymous_30)
FN:410,(anonymous_31)
FNF:32
FNH:0
FNDA:0,(anonymous_0)
FNDA:0,(anonymous_1)
FNDA:0,(anonymous_2)
FNDA:0,(anonymous_3)
FNDA:0,(anonymous_4)
FNDA:0,(anonymous_5)
FNDA:0,(anonymous_6)
FNDA:0,(anonymous_7)
FNDA:0,(anonymous_8)
FNDA:0,(anonymous_9)
FNDA:0,(anonymous_10)
FNDA:0,(anonymous_11)
FNDA:0,(anonymous_12)
FNDA:0,(anonymous_13)
FNDA:0,(anonymous_14)
FNDA:0,(anonymous_15)
FNDA:0,(anonymous_16)
FNDA:0,(anonymous_17)
FNDA:0,(anonymous_18)
FNDA:0,(anonymous_19)
FNDA:0,(anonymous_20)
FNDA:0,(anonymous_21)
FNDA:0,(anonymous_22)
FNDA:0,(anonymous_23)
FNDA:0,(anonymous_24)
FNDA:0,(anonymous_25)
FNDA:0,(anonymous_26)
FNDA:0,(anonymous_27)
FNDA:0,(anonymous_28)
FNDA:0,(anonymous_29)
FNDA:0,(anonymous_30)
FNDA:0,(anonymous_31)
DA:27,0
DA:28,0
DA:29,0
DA:44,0
DA:50,0
DA:67,0
DA:68,0
DA:86,0
DA:87,0
DA:91,0
DA:94,0
DA:97,0
DA:122,0
DA:142,0
DA:148,0
DA:159,0
DA:165,0
DA:181,0
DA:192,0
DA:197,0
DA:205,0
DA:206,0
DA:207,0
DA:213,0
DA:214,0
DA:217,0
DA:218,0
DA:222,0
DA:230,0
DA:231,0
DA:237,0
DA:252,0
DA:259,0
DA:260,0
DA:262,0
DA:263,0
DA:264,0
DA:266,0
DA:269,0
DA:270,0
DA:271,0
DA:273,0
DA:277,0
DA:278,0
DA:279,0
DA:280,0
DA:281,0
DA:283,0
DA:284,0
DA:285,0
DA:288,0
DA:289,0
DA:292,0
DA:298,0
DA:299,0
DA:300,0
DA:302,0
DA:306,0
DA:307,0
DA:310,0
DA:311,0
DA:312,0
DA:313,0
DA:314,0
DA:318,0
DA:319,0
DA:320,0
DA:321,0
DA:322,0
DA:325,0
DA:326,0
DA:327,0
DA:328,0
DA:331,0
DA:336,0
DA:337,0
DA:341,0
DA:343,0
DA:344,0
DA:345,0
DA:348,0
DA:351,0
DA:352,0
DA:354,0
DA:359,0
DA:360,0
DA:363,0
DA:364,0
DA:366,0
DA:369,0
DA:370,0
DA:371,0
DA:372,0
DA:376,0
DA:381,0
DA:384,0
DA:387,0
DA:388,0
DA:389,0
DA:390,0
DA:392,0
DA:408,0
DA:410,0
DA:415,1
LF:104
LH:1
BRDA:99,0,0,0
BRDA:99,0,1,0
BRDA:129,1,0,0
BRDA:129,1,1,0
BRDA:133,2,0,0
BRDA:133,2,1,0
BRDA:177,3,0,0
BRDA:177,3,1,0
BRDA:260,4,0,0
BRDA:260,4,1,0
BRDA:269,5,0,0
BRDA:269,5,1,0
BRDA:270,6,0,0
BRDA:270,6,1,0
BRDA:271,7,0,0
BRDA:271,7,1,0
BRDA:273,8,0,0
BRDA:273,8,1,0
BRDA:277,9,0,0
BRDA:277,9,1,0
BRDA:278,10,0,0
BRDA:278,10,1,0
BRDA:281,11,0,0
BRDA:281,11,1,0
BRDA:285,12,0,0
BRDA:285,12,1,0
BRDA:299,13,0,0
BRDA:299,13,1,0
BRDA:312,14,0,0
BRDA:312,14,1,0
BRDA:312,15,0,0
BRDA:312,15,1,0
BRDA:312,15,2,0
BRDA:319,16,0,0
BRDA:319,16,1,0
BRDA:325,17,0,0
BRDA:325,17,1,0
BRDA:336,18,0,0
BRDA:336,18,1,0
BRDA:363,19,0,0
BRDA:363,19,1,0
BRDA:369,20,0,0
BRDA:369,20,1,0
BRDA:370,21,0,0
BRDA:370,21,1,0
BRDA:376,22,0,0
BRDA:376,22,1,0
BRDA:377,23,0,0
BRDA:377,23,1,0
BRDA:377,23,2,0
BRF:50
BRH:0
end_of_record
TN:
SF:pages\Goal\SaveToGoal.js
FN:10,SaveToGoal
FN:17,(anonymous_1)
FN:18,(anonymous_2)
FN:26,(anonymous_3)
FN:35,(anonymous_4)
FN:36,(anonymous_5)
FN:69,(anonymous_6)
FN:77,(anonymous_7)
FN:83,(anonymous_8)
FNF:9
FNH:0
FNDA:0,SaveToGoal
FNDA:0,(anonymous_1)
FNDA:0,(anonymous_2)
FNDA:0,(anonymous_3)
FNDA:0,(anonymous_4)
FNDA:0,(anonymous_5)
FNDA:0,(anonymous_6)
FNDA:0,(anonymous_7)
FNDA:0,(anonymous_8)
DA:11,0
DA:12,0
DA:13,0
DA:15,0
DA:17,0
DA:18,0
DA:19,0
DA:20,0
DA:23,0
DA:26,0
DA:27,0
DA:28,0
DA:29,0
DA:31,0
DA:33,0
DA:35,0
DA:36,0
DA:37,0
DA:38,0
DA:41,0
DA:69,0
DA:77,0
DA:83,0
DA:90,1
LF:24
LH:1
BRDA:19,0,0,0
BRDA:19,0,1,0
BRDA:27,1,0,0
BRDA:27,1,1,0
BRF:4
BRH:0
end_of_record
